{"/home/shailja/Desktop/inventory_app/assets/image.png": {"path":"/home/shailja/Desktop/inventory_app/assets/image.png","statementMap":{"0":{"start":{"line":1,"column":0},"end":{"line":4,"column":6}}},"fnMap":{},"branchMap":{},"s":{"0":1},"f":{},"b":{},"inputSourceMap":null,"_coverageSchema":"1a1c01bbd47fc00a2c39e90264f33305004495a9","hash":"a9f381f3f9569e28d2faa12a38e8b3dedadfa061"}
,"/home/shailja/Desktop/inventory_app/src/_test_/screens/intro/intro.js": {"path":"/home/shailja/Desktop/inventory_app/src/_test_/screens/intro/intro.js","statementMap":{"0":{"start":{"line":4,"column":15},"end":{"line":21,"column":2}},"1":{"start":{"line":25,"column":8},"end":{"line":32,"column":10}}},"fnMap":{"0":{"name":"(anonymous_0)","decl":{"start":{"line":24,"column":4},"end":{"line":24,"column":5}},"loc":{"start":{"line":24,"column":13},"end":{"line":33,"column":5}},"line":24}},"branchMap":{},"s":{"0":1,"1":1},"f":{"0":1},"b":{},"_coverageSchema":"1a1c01bbd47fc00a2c39e90264f33305004495a9","hash":"b7604f52f4eee0dcb386baee35cd7128b276066c"}
,"/home/shailja/Desktop/inventory_app/src/components/Component/ButtonWIthBackground.js": {"path":"/home/shailja/Desktop/inventory_app/src/components/Component/ButtonWIthBackground.js","statementMap":{"0":{"start":{"line":11,"column":29},"end":{"line":36,"column":1}},"1":{"start":{"line":13,"column":4},"end":{"line":23,"column":11}},"2":{"start":{"line":25,"column":2},"end":{"line":27,"column":3}},"3":{"start":{"line":26,"column":4},"end":{"line":26,"column":19}},"4":{"start":{"line":28,"column":2},"end":{"line":34,"column":3}},"5":{"start":{"line":29,"column":4},"end":{"line":33,"column":6}},"6":{"start":{"line":35,"column":2},"end":{"line":35,"column":80}},"7":{"start":{"line":38,"column":15},"end":{"line":53,"column":2}}},"fnMap":{"0":{"name":"(anonymous_0)","decl":{"start":{"line":11,"column":29},"end":{"line":11,"column":30}},"loc":{"start":{"line":11,"column":38},"end":{"line":36,"column":1}},"line":11}},"branchMap":{"0":{"loc":{"start":{"line":17,"column":8},"end":{"line":17,"column":47}},"type":"cond-expr","locations":[{"start":{"line":17,"column":25},"end":{"line":17,"column":40}},{"start":{"line":17,"column":43},"end":{"line":17,"column":47}}],"line":17},"1":{"loc":{"start":{"line":20,"column":19},"end":{"line":20,"column":62}},"type":"cond-expr","locations":[{"start":{"line":20,"column":36},"end":{"line":20,"column":55}},{"start":{"line":20,"column":58},"end":{"line":20,"column":62}}],"line":20},"2":{"loc":{"start":{"line":25,"column":2},"end":{"line":27,"column":3}},"type":"if","locations":[{"start":{"line":25,"column":2},"end":{"line":27,"column":3}},{"start":{"line":25,"column":2},"end":{"line":27,"column":3}}],"line":25},"3":{"loc":{"start":{"line":28,"column":2},"end":{"line":34,"column":3}},"type":"if","locations":[{"start":{"line":28,"column":2},"end":{"line":34,"column":3}},{"start":{"line":28,"column":2},"end":{"line":34,"column":3}}],"line":28}},"s":{"0":1,"1":4,"2":4,"3":1,"4":3,"5":0,"6":3,"7":1},"f":{"0":4},"b":{"0":[1,3],"1":[1,3],"2":[1,3],"3":[0,3]},"_coverageSchema":"1a1c01bbd47fc00a2c39e90264f33305004495a9","hash":"1288a0ad870c57282d68f4ea1c092db57feee5e6"}
,"/home/shailja/Desktop/inventory_app/src/components/Component/Card.js": {"path":"/home/shailja/Desktop/inventory_app/src/components/Component/Card.js","statementMap":{"0":{"start":{"line":4,"column":13},"end":{"line":6,"column":1}},"1":{"start":{"line":5,"column":4},"end":{"line":5,"column":84}},"2":{"start":{"line":8,"column":15},"end":{"line":18,"column":2}}},"fnMap":{"0":{"name":"(anonymous_0)","decl":{"start":{"line":4,"column":13},"end":{"line":4,"column":14}},"loc":{"start":{"line":4,"column":22},"end":{"line":6,"column":1}},"line":4}},"branchMap":{},"s":{"0":1,"1":1,"2":1},"f":{"0":1},"b":{},"_coverageSchema":"1a1c01bbd47fc00a2c39e90264f33305004495a9","hash":"ba49b7777a842a2412d97a9da216ba7e87e8018a"}
,"/home/shailja/Desktop/inventory_app/src/components/Component/DefaultInput.js": {"path":"/home/shailja/Desktop/inventory_app/src/components/Component/DefaultInput.js","statementMap":{"0":{"start":{"line":4,"column":21},"end":{"line":10,"column":1}},"1":{"start":{"line":5,"column":2},"end":{"line":9,"column":4}},"2":{"start":{"line":12,"column":15},"end":{"line":25,"column":2}}},"fnMap":{"0":{"name":"(anonymous_0)","decl":{"start":{"line":4,"column":21},"end":{"line":4,"column":22}},"loc":{"start":{"line":5,"column":2},"end":{"line":9,"column":4}},"line":5}},"branchMap":{"0":{"loc":{"start":{"line":8,"column":39},"end":{"line":8,"column":92}},"type":"cond-expr","locations":[{"start":{"line":8,"column":71},"end":{"line":8,"column":85}},{"start":{"line":8,"column":88},"end":{"line":8,"column":92}}],"line":8},"1":{"loc":{"start":{"line":8,"column":39},"end":{"line":8,"column":68}},"type":"binary-expr","locations":[{"start":{"line":8,"column":39},"end":{"line":8,"column":51}},{"start":{"line":8,"column":55},"end":{"line":8,"column":68}}],"line":8}},"s":{"0":1,"1":1,"2":1},"f":{"0":1},"b":{"0":[0,1],"1":[1,1]},"_coverageSchema":"1a1c01bbd47fc00a2c39e90264f33305004495a9","hash":"711dcd52661cf1e871f20bb3126c7daf68f13d05"}
,"/home/shailja/Desktop/inventory_app/src/components/Component/DefaultText.js": {"path":"/home/shailja/Desktop/inventory_app/src/components/Component/DefaultText.js","statementMap":{"0":{"start":{"line":4,"column":20},"end":{"line":6,"column":1}},"1":{"start":{"line":5,"column":4},"end":{"line":5,"column":86}},"2":{"start":{"line":8,"column":15},"end":{"line":13,"column":2}}},"fnMap":{"0":{"name":"(anonymous_0)","decl":{"start":{"line":4,"column":20},"end":{"line":4,"column":21}},"loc":{"start":{"line":4,"column":29},"end":{"line":6,"column":1}},"line":4}},"branchMap":{},"s":{"0":1,"1":1,"2":1},"f":{"0":1},"b":{},"_coverageSchema":"1a1c01bbd47fc00a2c39e90264f33305004495a9","hash":"9fd803f7413975d5169d5625c0d97bc921f46a03"}
,"/home/shailja/Desktop/inventory_app/src/components/Component/HeadingText.js": {"path":"/home/shailja/Desktop/inventory_app/src/components/Component/HeadingText.js","statementMap":{"0":{"start":{"line":4,"column":20},"end":{"line":8,"column":1}},"1":{"start":{"line":5,"column":2},"end":{"line":7,"column":9}},"2":{"start":{"line":10,"column":15},"end":{"line":15,"column":2}}},"fnMap":{"0":{"name":"(anonymous_0)","decl":{"start":{"line":4,"column":20},"end":{"line":4,"column":21}},"loc":{"start":{"line":5,"column":2},"end":{"line":7,"column":9}},"line":5}},"branchMap":{},"s":{"0":1,"1":1,"2":1},"f":{"0":1},"b":{},"_coverageSchema":"1a1c01bbd47fc00a2c39e90264f33305004495a9","hash":"46b50b59e2486e5637614a29674ec81295e029ff"}
,"/home/shailja/Desktop/inventory_app/src/components/Component/MainButton.js": {"path":"/home/shailja/Desktop/inventory_app/src/components/Component/MainButton.js","statementMap":{"0":{"start":{"line":5,"column":19},"end":{"line":13,"column":1}},"1":{"start":{"line":6,"column":4},"end":{"line":12,"column":6}},"2":{"start":{"line":14,"column":15},"end":{"line":27,"column":2}}},"fnMap":{"0":{"name":"(anonymous_0)","decl":{"start":{"line":5,"column":19},"end":{"line":5,"column":20}},"loc":{"start":{"line":5,"column":28},"end":{"line":13,"column":1}},"line":5}},"branchMap":{},"s":{"0":1,"1":1,"2":1},"f":{"0":1},"b":{},"_coverageSchema":"1a1c01bbd47fc00a2c39e90264f33305004495a9","hash":"676488f12b696a5ff8f6ee23bdc6104a49ade3ee"}
,"/home/shailja/Desktop/inventory_app/src/components/Component/MainText.js": {"path":"/home/shailja/Desktop/inventory_app/src/components/Component/MainText.js","statementMap":{"0":{"start":{"line":4,"column":17},"end":{"line":6,"column":1}},"1":{"start":{"line":5,"column":4},"end":{"line":5,"column":57}},"2":{"start":{"line":8,"column":15},"end":{"line":13,"column":2}}},"fnMap":{"0":{"name":"(anonymous_0)","decl":{"start":{"line":4,"column":17},"end":{"line":4,"column":18}},"loc":{"start":{"line":5,"column":4},"end":{"line":5,"column":57}},"line":5}},"branchMap":{},"s":{"0":1,"1":1,"2":1},"f":{"0":1},"b":{},"_coverageSchema":"1a1c01bbd47fc00a2c39e90264f33305004495a9","hash":"750d70f2f35980a20890cd76aa7c22dfb1a1ae95"}
,"/home/shailja/Desktop/inventory_app/src/constants/Colors.js": {"path":"/home/shailja/Desktop/inventory_app/src/constants/Colors.js","statementMap":{},"fnMap":{},"branchMap":{},"s":{},"f":{},"b":{},"_coverageSchema":"1a1c01bbd47fc00a2c39e90264f33305004495a9","hash":"a4088694135d4eb50dfe3ed704db16a3b7e362db"}
,"/home/shailja/Desktop/inventory_app/src/screens/Splashscreen.js": {"path":"/home/shailja/Desktop/inventory_app/src/screens/Splashscreen.js","statementMap":{"0":{"start":{"line":22,"column":8},"end":{"line":25,"column":9}},"1":{"start":{"line":23,"column":20},"end":{"line":23,"column":58}},"2":{"start":{"line":31,"column":8},"end":{"line":41,"column":10}},"3":{"start":{"line":45,"column":15},"end":{"line":62,"column":2}}},"fnMap":{"0":{"name":"(anonymous_0)","decl":{"start":{"line":17,"column":4},"end":{"line":17,"column":5}},"loc":{"start":{"line":17,"column":24},"end":{"line":26,"column":5}},"line":17},"1":{"name":"(anonymous_1)","decl":{"start":{"line":23,"column":12},"end":{"line":23,"column":13}},"loc":{"start":{"line":23,"column":18},"end":{"line":23,"column":60}},"line":23},"2":{"name":"(anonymous_2)","decl":{"start":{"line":30,"column":4},"end":{"line":30,"column":5}},"loc":{"start":{"line":30,"column":13},"end":{"line":42,"column":5}},"line":30}},"branchMap":{},"s":{"0":9,"1":0,"2":8,"3":1},"f":{"0":9,"1":0,"2":8},"b":{},"_coverageSchema":"1a1c01bbd47fc00a2c39e90264f33305004495a9","hash":"39aaffd16d2886056175f7c310acd6c3f5426e6a"}
}
