{"/home/sa/react_native_workspace/new_inventory/inventory_app/App.js": {"path":"/home/sa/react_native_workspace/new_inventory/inventory_app/App.js","statementMap":{"0":{"start":{"line":18,"column":0},"end":{"line":18,"column":16}},"1":{"start":{"line":20,"column":20},"end":{"line":26,"column":2}},"2":{"start":{"line":29,"column":14},"end":{"line":29,"column":67}},"3":{"start":{"line":30,"column":19},"end":{"line":35,"column":1}},"4":{"start":{"line":31,"column":2},"end":{"line":34,"column":4}},"5":{"start":{"line":38,"column":38},"end":{"line":38,"column":53}},"6":{"start":{"line":39,"column":2},"end":{"line":45,"column":3}},"7":{"start":{"line":40,"column":4},"end":{"line":44,"column":9}},"8":{"start":{"line":43,"column":24},"end":{"line":43,"column":43}},"9":{"start":{"line":46,"column":2},"end":{"line":48,"column":4}}},"fnMap":{"0":{"name":"(anonymous_0)","decl":{"start":{"line":30,"column":19},"end":{"line":30,"column":20}},"loc":{"start":{"line":30,"column":25},"end":{"line":35,"column":1}},"line":30},"1":{"name":"App","decl":{"start":{"line":37,"column":24},"end":{"line":37,"column":27}},"loc":{"start":{"line":37,"column":30},"end":{"line":49,"column":1}},"line":37},"2":{"name":"(anonymous_2)","decl":{"start":{"line":43,"column":18},"end":{"line":43,"column":19}},"loc":{"start":{"line":43,"column":24},"end":{"line":43,"column":43}},"line":43}},"branchMap":{"0":{"loc":{"start":{"line":39,"column":2},"end":{"line":45,"column":3}},"type":"if","locations":[{"start":{"line":39,"column":2},"end":{"line":45,"column":3}},{"start":{"line":39,"column":2},"end":{"line":45,"column":3}}],"line":39}},"s":{"0":1,"1":1,"2":1,"3":1,"4":0,"5":0,"6":0,"7":0,"8":0,"9":0},"f":{"0":0,"1":0,"2":0},"b":{"0":[0,0]},"_coverageSchema":"1a1c01bbd47fc00a2c39e90264f33305004495a9","hash":"eb2ae05d4ef331c1afe459c45084e139837da8c0"}
,"/home/sa/react_native_workspace/new_inventory/inventory_app/assets/image.png": {"path":"/home/sa/react_native_workspace/new_inventory/inventory_app/assets/image.png","statementMap":{"0":{"start":{"line":1,"column":0},"end":{"line":1,"column":19}}},"fnMap":{},"branchMap":{},"s":{"0":1},"f":{},"b":{},"inputSourceMap":null,"_coverageSchema":"1a1c01bbd47fc00a2c39e90264f33305004495a9","hash":"bdb7583543a31c6fd309733954b1bf61ed419ced"}
,"/home/sa/react_native_workspace/new_inventory/inventory_app/src/_test_/componenets/test_function.js": {"path":"/home/sa/react_native_workspace/new_inventory/inventory_app/src/_test_/componenets/test_function.js","statementMap":{"0":{"start":{"line":13,"column":4},"end":{"line":33,"column":7}},"1":{"start":{"line":14,"column":8},"end":{"line":17,"column":11}},"2":{"start":{"line":15,"column":25},"end":{"line":15,"column":62}},"3":{"start":{"line":16,"column":12},"end":{"line":16,"column":43}},"4":{"start":{"line":18,"column":8},"end":{"line":28,"column":9}},"5":{"start":{"line":19,"column":8},"end":{"line":27,"column":10}},"6":{"start":{"line":20,"column":28},"end":{"line":20,"column":48}},"7":{"start":{"line":21,"column":12},"end":{"line":26,"column":14}},"8":{"start":{"line":22,"column":16},"end":{"line":25,"column":17}},"9":{"start":{"line":24,"column":20},"end":{"line":24,"column":85}},"10":{"start":{"line":29,"column":8},"end":{"line":32,"column":9}},"11":{"start":{"line":31,"column":12},"end":{"line":31,"column":23}}},"fnMap":{"0":{"name":"test_function","decl":{"start":{"line":12,"column":24},"end":{"line":12,"column":37}},"loc":{"start":{"line":12,"column":85},"end":{"line":34,"column":5}},"line":12},"1":{"name":"(anonymous_1)","decl":{"start":{"line":13,"column":29},"end":{"line":13,"column":30}},"loc":{"start":{"line":13,"column":35},"end":{"line":33,"column":5}},"line":13},"2":{"name":"(anonymous_2)","decl":{"start":{"line":14,"column":30},"end":{"line":14,"column":31}},"loc":{"start":{"line":14,"column":36},"end":{"line":17,"column":9}},"line":14},"3":{"name":"(anonymous_3)","decl":{"start":{"line":19,"column":28},"end":{"line":19,"column":29}},"loc":{"start":{"line":19,"column":34},"end":{"line":27,"column":9}},"line":19},"4":{"name":"(anonymous_4)","decl":{"start":{"line":21,"column":25},"end":{"line":21,"column":26}},"loc":{"start":{"line":21,"column":42},"end":{"line":26,"column":13}},"line":21}},"branchMap":{"0":{"loc":{"start":{"line":18,"column":8},"end":{"line":28,"column":9}},"type":"if","locations":[{"start":{"line":18,"column":8},"end":{"line":28,"column":9}},{"start":{"line":18,"column":8},"end":{"line":28,"column":9}}],"line":18},"1":{"loc":{"start":{"line":22,"column":16},"end":{"line":25,"column":17}},"type":"if","locations":[{"start":{"line":22,"column":16},"end":{"line":25,"column":17}},{"start":{"line":22,"column":16},"end":{"line":25,"column":17}}],"line":22},"2":{"loc":{"start":{"line":29,"column":8},"end":{"line":32,"column":9}},"type":"if","locations":[{"start":{"line":29,"column":8},"end":{"line":32,"column":9}},{"start":{"line":29,"column":8},"end":{"line":32,"column":9}}],"line":29}},"s":{"0":10,"1":10,"2":10,"3":10,"4":10,"5":8,"6":8,"7":8,"8":19,"9":11,"10":10,"11":1},"f":{"0":10,"1":10,"2":10,"3":8,"4":19},"b":{"0":[8,2],"1":[11,8],"2":[1,9]},"_coverageSchema":"1a1c01bbd47fc00a2c39e90264f33305004495a9","hash":"fcf02fc4884fab5927686853cf011c52f924f5cc"}
,"/home/sa/react_native_workspace/new_inventory/inventory_app/src/_test_/screens/intro/intro.js": {"path":"/home/sa/react_native_workspace/new_inventory/inventory_app/src/_test_/screens/intro/intro.js","statementMap":{"0":{"start":{"line":4,"column":15},"end":{"line":21,"column":2}},"1":{"start":{"line":25,"column":8},"end":{"line":32,"column":10}}},"fnMap":{"0":{"name":"(anonymous_0)","decl":{"start":{"line":24,"column":4},"end":{"line":24,"column":5}},"loc":{"start":{"line":24,"column":13},"end":{"line":33,"column":5}},"line":24}},"branchMap":{},"s":{"0":1,"1":1},"f":{"0":1},"b":{},"_coverageSchema":"1a1c01bbd47fc00a2c39e90264f33305004495a9","hash":"cb267bcd826b00e1a4b4255c467d6f1947ef79a3"}
,"/home/sa/react_native_workspace/new_inventory/inventory_app/src/components/Component/ButtonWIthBackground.js": {"path":"/home/sa/react_native_workspace/new_inventory/inventory_app/src/components/Component/ButtonWIthBackground.js","statementMap":{"0":{"start":{"line":11,"column":29},"end":{"line":36,"column":1}},"1":{"start":{"line":13,"column":4},"end":{"line":23,"column":11}},"2":{"start":{"line":25,"column":2},"end":{"line":27,"column":3}},"3":{"start":{"line":26,"column":4},"end":{"line":26,"column":19}},"4":{"start":{"line":28,"column":2},"end":{"line":34,"column":3}},"5":{"start":{"line":29,"column":4},"end":{"line":33,"column":6}},"6":{"start":{"line":35,"column":2},"end":{"line":35,"column":101}},"7":{"start":{"line":38,"column":15},"end":{"line":53,"column":2}}},"fnMap":{"0":{"name":"(anonymous_0)","decl":{"start":{"line":11,"column":29},"end":{"line":11,"column":30}},"loc":{"start":{"line":11,"column":38},"end":{"line":36,"column":1}},"line":11}},"branchMap":{"0":{"loc":{"start":{"line":17,"column":8},"end":{"line":17,"column":47}},"type":"cond-expr","locations":[{"start":{"line":17,"column":25},"end":{"line":17,"column":40}},{"start":{"line":17,"column":43},"end":{"line":17,"column":47}}],"line":17},"1":{"loc":{"start":{"line":20,"column":19},"end":{"line":20,"column":62}},"type":"cond-expr","locations":[{"start":{"line":20,"column":36},"end":{"line":20,"column":55}},{"start":{"line":20,"column":58},"end":{"line":20,"column":62}}],"line":20},"2":{"loc":{"start":{"line":25,"column":2},"end":{"line":27,"column":3}},"type":"if","locations":[{"start":{"line":25,"column":2},"end":{"line":27,"column":3}},{"start":{"line":25,"column":2},"end":{"line":27,"column":3}}],"line":25},"3":{"loc":{"start":{"line":28,"column":2},"end":{"line":34,"column":3}},"type":"if","locations":[{"start":{"line":28,"column":2},"end":{"line":34,"column":3}},{"start":{"line":28,"column":2},"end":{"line":34,"column":3}}],"line":28}},"s":{"0":1,"1":5,"2":5,"3":1,"4":4,"5":0,"6":4,"7":1},"f":{"0":5},"b":{"0":[1,4],"1":[1,4],"2":[1,4],"3":[0,4]},"_coverageSchema":"1a1c01bbd47fc00a2c39e90264f33305004495a9","hash":"efb66789d9c1ecd7118ba08456d0ef3e860b2bf5"}
,"/home/sa/react_native_workspace/new_inventory/inventory_app/src/components/Component/Card.js": {"path":"/home/sa/react_native_workspace/new_inventory/inventory_app/src/components/Component/Card.js","statementMap":{"0":{"start":{"line":4,"column":13},"end":{"line":6,"column":1}},"1":{"start":{"line":5,"column":4},"end":{"line":5,"column":84}},"2":{"start":{"line":8,"column":15},"end":{"line":18,"column":2}}},"fnMap":{"0":{"name":"(anonymous_0)","decl":{"start":{"line":4,"column":13},"end":{"line":4,"column":14}},"loc":{"start":{"line":4,"column":22},"end":{"line":6,"column":1}},"line":4}},"branchMap":{},"s":{"0":2,"1":2,"2":2},"f":{"0":2},"b":{},"_coverageSchema":"1a1c01bbd47fc00a2c39e90264f33305004495a9","hash":"7efaf029c9e9d73c1fc8e787d3af416ed2fd5ea5"}
,"/home/sa/react_native_workspace/new_inventory/inventory_app/src/components/Component/CustomButton.js": {"path":"/home/sa/react_native_workspace/new_inventory/inventory_app/src/components/Component/CustomButton.js","statementMap":{"0":{"start":{"line":3,"column":20},"end":{"line":7,"column":1}},"1":{"start":{"line":4,"column":4},"end":{"line":6,"column":7}}},"fnMap":{"0":{"name":"(anonymous_0)","decl":{"start":{"line":3,"column":20},"end":{"line":3,"column":21}},"loc":{"start":{"line":4,"column":4},"end":{"line":6,"column":7}},"line":4}},"branchMap":{"0":{"loc":{"start":{"line":5,"column":19},"end":{"line":5,"column":50}},"type":"cond-expr","locations":[{"start":{"line":5,"column":31},"end":{"line":5,"column":42}},{"start":{"line":5,"column":43},"end":{"line":5,"column":50}}],"line":5}},"s":{"0":2,"1":2},"f":{"0":2},"b":{"0":[0,2]},"_coverageSchema":"1a1c01bbd47fc00a2c39e90264f33305004495a9","hash":"301dea29d3df7d30e83a3fed1756b7648999bca3"}
,"/home/sa/react_native_workspace/new_inventory/inventory_app/src/components/Component/DefaultInput.js": {"path":"/home/sa/react_native_workspace/new_inventory/inventory_app/src/components/Component/DefaultInput.js","statementMap":{"0":{"start":{"line":4,"column":21},"end":{"line":10,"column":1}},"1":{"start":{"line":5,"column":2},"end":{"line":9,"column":4}},"2":{"start":{"line":12,"column":15},"end":{"line":25,"column":2}}},"fnMap":{"0":{"name":"(anonymous_0)","decl":{"start":{"line":4,"column":21},"end":{"line":4,"column":22}},"loc":{"start":{"line":5,"column":2},"end":{"line":9,"column":4}},"line":5}},"branchMap":{"0":{"loc":{"start":{"line":8,"column":39},"end":{"line":8,"column":92}},"type":"cond-expr","locations":[{"start":{"line":8,"column":71},"end":{"line":8,"column":85}},{"start":{"line":8,"column":88},"end":{"line":8,"column":92}}],"line":8},"1":{"loc":{"start":{"line":8,"column":39},"end":{"line":8,"column":68}},"type":"binary-expr","locations":[{"start":{"line":8,"column":39},"end":{"line":8,"column":51}},{"start":{"line":8,"column":55},"end":{"line":8,"column":68}}],"line":8}},"s":{"0":1,"1":2,"2":1},"f":{"0":2},"b":{"0":[0,2],"1":[2,2]},"_coverageSchema":"1a1c01bbd47fc00a2c39e90264f33305004495a9","hash":"6d3cbf2ad44d9b531bde9ab471a89218c342809d"}
,"/home/sa/react_native_workspace/new_inventory/inventory_app/src/components/Component/DefaultText.js": {"path":"/home/sa/react_native_workspace/new_inventory/inventory_app/src/components/Component/DefaultText.js","statementMap":{"0":{"start":{"line":4,"column":20},"end":{"line":6,"column":1}},"1":{"start":{"line":5,"column":4},"end":{"line":5,"column":86}},"2":{"start":{"line":8,"column":15},"end":{"line":13,"column":2}}},"fnMap":{"0":{"name":"(anonymous_0)","decl":{"start":{"line":4,"column":20},"end":{"line":4,"column":21}},"loc":{"start":{"line":4,"column":29},"end":{"line":6,"column":1}},"line":4}},"branchMap":{},"s":{"0":2,"1":2,"2":2},"f":{"0":2},"b":{},"_coverageSchema":"1a1c01bbd47fc00a2c39e90264f33305004495a9","hash":"4aa6a8823825aa3170d560d206debda4193f8916"}
,"/home/sa/react_native_workspace/new_inventory/inventory_app/src/components/Component/HeaderButton.js": {"path":"/home/sa/react_native_workspace/new_inventory/inventory_app/src/components/Component/HeaderButton.js","statementMap":{"0":{"start":{"line":7,"column":27},"end":{"line":13,"column":1}},"1":{"start":{"line":8,"column":4},"end":{"line":11,"column":76}}},"fnMap":{"0":{"name":"(anonymous_0)","decl":{"start":{"line":7,"column":27},"end":{"line":7,"column":28}},"loc":{"start":{"line":7,"column":36},"end":{"line":13,"column":1}},"line":7}},"branchMap":{"0":{"loc":{"start":{"line":11,"column":15},"end":{"line":11,"column":72}},"type":"cond-expr","locations":[{"start":{"line":11,"column":43},"end":{"line":11,"column":50}},{"start":{"line":11,"column":53},"end":{"line":11,"column":72}}],"line":11}},"s":{"0":1,"1":0},"f":{"0":0},"b":{"0":[0,0]},"_coverageSchema":"1a1c01bbd47fc00a2c39e90264f33305004495a9","hash":"9abe5ab214422d826684df054c2fed990f8787ef"}
,"/home/sa/react_native_workspace/new_inventory/inventory_app/src/components/Component/HeadingText.js": {"path":"/home/sa/react_native_workspace/new_inventory/inventory_app/src/components/Component/HeadingText.js","statementMap":{"0":{"start":{"line":4,"column":20},"end":{"line":8,"column":1}},"1":{"start":{"line":5,"column":2},"end":{"line":7,"column":9}},"2":{"start":{"line":10,"column":15},"end":{"line":15,"column":2}}},"fnMap":{"0":{"name":"(anonymous_0)","decl":{"start":{"line":4,"column":20},"end":{"line":4,"column":21}},"loc":{"start":{"line":5,"column":2},"end":{"line":7,"column":9}},"line":5}},"branchMap":{},"s":{"0":1,"1":2,"2":1},"f":{"0":2},"b":{},"_coverageSchema":"1a1c01bbd47fc00a2c39e90264f33305004495a9","hash":"d1c6d4f584991a34c2deec8a74c8d077d8f34fdf"}
,"/home/sa/react_native_workspace/new_inventory/inventory_app/src/components/Component/IconButton.js": {"path":"/home/sa/react_native_workspace/new_inventory/inventory_app/src/components/Component/IconButton.js","statementMap":{"0":{"start":{"line":13,"column":19},"end":{"line":36,"column":1}},"1":{"start":{"line":15,"column":23},"end":{"line":15,"column":39}},"2":{"start":{"line":16,"column":4},"end":{"line":18,"column":5}},"3":{"start":{"line":17,"column":8},"end":{"line":17,"column":47}},"4":{"start":{"line":19,"column":4},"end":{"line":33,"column":6}},"5":{"start":{"line":38,"column":15},"end":{"line":72,"column":2}}},"fnMap":{"0":{"name":"(anonymous_0)","decl":{"start":{"line":13,"column":19},"end":{"line":13,"column":20}},"loc":{"start":{"line":13,"column":28},"end":{"line":36,"column":1}},"line":13}},"branchMap":{"0":{"loc":{"start":{"line":16,"column":4},"end":{"line":18,"column":5}},"type":"if","locations":[{"start":{"line":16,"column":4},"end":{"line":18,"column":5}},{"start":{"line":16,"column":4},"end":{"line":18,"column":5}}],"line":16},"1":{"loc":{"start":{"line":16,"column":8},"end":{"line":16,"column":59}},"type":"binary-expr","locations":[{"start":{"line":16,"column":8},"end":{"line":16,"column":33}},{"start":{"line":16,"column":37},"end":{"line":16,"column":59}}],"line":16},"2":{"loc":{"start":{"line":46,"column":18},"end":{"line":46,"column":91}},"type":"cond-expr","locations":[{"start":{"line":46,"column":71},"end":{"line":46,"column":79}},{"start":{"line":46,"column":82},"end":{"line":46,"column":91}}],"line":46},"3":{"loc":{"start":{"line":46,"column":18},"end":{"line":46,"column":68}},"type":"binary-expr","locations":[{"start":{"line":46,"column":18},"end":{"line":46,"column":42}},{"start":{"line":46,"column":46},"end":{"line":46,"column":68}}],"line":46}},"s":{"0":2,"1":2,"2":2,"3":0,"4":2,"5":2},"f":{"0":2},"b":{"0":[0,2],"1":[2,0],"2":[0,2],"3":[2,0]},"_coverageSchema":"1a1c01bbd47fc00a2c39e90264f33305004495a9","hash":"a5b4dd52f08178bbc9bd979f890f5b94a1b7e60a"}
,"/home/sa/react_native_workspace/new_inventory/inventory_app/src/components/Component/InventoryItem.js": {"path":"/home/sa/react_native_workspace/new_inventory/inventory_app/src/components/Component/InventoryItem.js","statementMap":{"0":{"start":{"line":21,"column":22},"end":{"line":166,"column":1}},"1":{"start":{"line":22,"column":25},"end":{"line":24,"column":5}},"2":{"start":{"line":23,"column":8},"end":{"line":23,"column":25}},"3":{"start":{"line":26,"column":21},"end":{"line":26,"column":34}},"4":{"start":{"line":27,"column":49},"end":{"line":27,"column":64}},"5":{"start":{"line":28,"column":52},"end":{"line":28,"column":64}},"6":{"start":{"line":29,"column":46},"end":{"line":29,"column":59}},"7":{"start":{"line":32,"column":29},"end":{"line":38,"column":5}},"8":{"start":{"line":33,"column":25},"end":{"line":33,"column":67}},"9":{"start":{"line":33,"column":51},"end":{"line":33,"column":66}},"10":{"start":{"line":34,"column":8},"end":{"line":34,"column":33}},"11":{"start":{"line":35,"column":8},"end":{"line":35,"column":38}},"12":{"start":{"line":39,"column":31},"end":{"line":41,"column":5}},"13":{"start":{"line":40,"column":8},"end":{"line":40,"column":34}},"14":{"start":{"line":42,"column":32},"end":{"line":53,"column":5}},"15":{"start":{"line":44,"column":8},"end":{"line":44,"column":34}},"16":{"start":{"line":45,"column":8},"end":{"line":45,"column":73}},"17":{"start":{"line":47,"column":8},"end":{"line":52,"column":9}},"18":{"start":{"line":49,"column":12},"end":{"line":49,"column":123}},"19":{"start":{"line":51,"column":12},"end":{"line":51,"column":101}},"20":{"start":{"line":54,"column":32},"end":{"line":56,"column":5}},"21":{"start":{"line":55,"column":8},"end":{"line":55,"column":31}},"22":{"start":{"line":57,"column":31},"end":{"line":57,"column":40}},"23":{"start":{"line":58,"column":4},"end":{"line":164,"column":5}},"24":{"start":{"line":121,"column":64},"end":{"line":121,"column":89}},"25":{"start":{"line":148,"column":49},"end":{"line":148,"column":81}},"26":{"start":{"line":152,"column":36},"end":{"line":152,"column":62}},"27":{"start":{"line":169,"column":15},"end":{"line":243,"column":2}}},"fnMap":{"0":{"name":"(anonymous_0)","decl":{"start":{"line":21,"column":22},"end":{"line":21,"column":23}},"loc":{"start":{"line":21,"column":31},"end":{"line":166,"column":1}},"line":21},"1":{"name":"(anonymous_1)","decl":{"start":{"line":22,"column":37},"end":{"line":22,"column":38}},"loc":{"start":{"line":23,"column":8},"end":{"line":23,"column":25}},"line":23},"2":{"name":"(anonymous_2)","decl":{"start":{"line":32,"column":29},"end":{"line":32,"column":30}},"loc":{"start":{"line":32,"column":37},"end":{"line":38,"column":5}},"line":32},"3":{"name":"(anonymous_3)","decl":{"start":{"line":33,"column":43},"end":{"line":33,"column":44}},"loc":{"start":{"line":33,"column":51},"end":{"line":33,"column":66}},"line":33},"4":{"name":"(anonymous_4)","decl":{"start":{"line":39,"column":31},"end":{"line":39,"column":32}},"loc":{"start":{"line":39,"column":37},"end":{"line":41,"column":5}},"line":39},"5":{"name":"(anonymous_5)","decl":{"start":{"line":42,"column":32},"end":{"line":42,"column":33}},"loc":{"start":{"line":42,"column":38},"end":{"line":53,"column":5}},"line":42},"6":{"name":"(anonymous_6)","decl":{"start":{"line":54,"column":32},"end":{"line":54,"column":33}},"loc":{"start":{"line":54,"column":43},"end":{"line":56,"column":5}},"line":54},"7":{"name":"(anonymous_7)","decl":{"start":{"line":57,"column":31},"end":{"line":57,"column":32}},"loc":{"start":{"line":57,"column":37},"end":{"line":57,"column":40}},"line":57},"8":{"name":"(anonymous_8)","decl":{"start":{"line":121,"column":54},"end":{"line":121,"column":55}},"loc":{"start":{"line":121,"column":64},"end":{"line":121,"column":89}},"line":121},"9":{"name":"(anonymous_9)","decl":{"start":{"line":148,"column":41},"end":{"line":148,"column":42}},"loc":{"start":{"line":148,"column":47},"end":{"line":148,"column":83}},"line":148},"10":{"name":"(anonymous_10)","decl":{"start":{"line":151,"column":94},"end":{"line":151,"column":95}},"loc":{"start":{"line":151,"column":100},"end":{"line":153,"column":33}},"line":151}},"branchMap":{"0":{"loc":{"start":{"line":47,"column":8},"end":{"line":52,"column":9}},"type":"if","locations":[{"start":{"line":47,"column":8},"end":{"line":52,"column":9}},{"start":{"line":47,"column":8},"end":{"line":52,"column":9}}],"line":47}},"s":{"0":1,"1":0,"2":0,"3":0,"4":0,"5":0,"6":0,"7":0,"8":0,"9":0,"10":0,"11":0,"12":0,"13":0,"14":0,"15":0,"16":0,"17":0,"18":0,"19":0,"20":0,"21":0,"22":0,"23":0,"24":0,"25":0,"26":0,"27":1},"f":{"0":0,"1":0,"2":0,"3":0,"4":0,"5":0,"6":0,"7":0,"8":0,"9":0,"10":0},"b":{"0":[0,0]},"_coverageSchema":"1a1c01bbd47fc00a2c39e90264f33305004495a9","hash":"6cdb23a7ee691555e3ea3915de9af9284f096802"}
,"/home/sa/react_native_workspace/new_inventory/inventory_app/src/components/Component/MainButton.js": {"path":"/home/sa/react_native_workspace/new_inventory/inventory_app/src/components/Component/MainButton.js","statementMap":{"0":{"start":{"line":5,"column":19},"end":{"line":13,"column":1}},"1":{"start":{"line":6,"column":4},"end":{"line":12,"column":6}},"2":{"start":{"line":14,"column":15},"end":{"line":27,"column":2}}},"fnMap":{"0":{"name":"(anonymous_0)","decl":{"start":{"line":5,"column":19},"end":{"line":5,"column":20}},"loc":{"start":{"line":5,"column":28},"end":{"line":13,"column":1}},"line":5}},"branchMap":{},"s":{"0":2,"1":2,"2":2},"f":{"0":2},"b":{},"_coverageSchema":"1a1c01bbd47fc00a2c39e90264f33305004495a9","hash":"76fb895f0cc415ed98619c4f838dc0b10edca4b3"}
,"/home/sa/react_native_workspace/new_inventory/inventory_app/src/components/Component/MainText.js": {"path":"/home/sa/react_native_workspace/new_inventory/inventory_app/src/components/Component/MainText.js","statementMap":{"0":{"start":{"line":4,"column":17},"end":{"line":6,"column":1}},"1":{"start":{"line":5,"column":4},"end":{"line":5,"column":57}},"2":{"start":{"line":8,"column":15},"end":{"line":13,"column":2}}},"fnMap":{"0":{"name":"(anonymous_0)","decl":{"start":{"line":4,"column":17},"end":{"line":4,"column":18}},"loc":{"start":{"line":5,"column":4},"end":{"line":5,"column":57}},"line":5}},"branchMap":{},"s":{"0":1,"1":2,"2":1},"f":{"0":2},"b":{},"_coverageSchema":"1a1c01bbd47fc00a2c39e90264f33305004495a9","hash":"e8587d119b475d7c3432278d275ae8b14dd4196c"}
,"/home/sa/react_native_workspace/new_inventory/inventory_app/src/components/Component/ManageItem.js": {"path":"/home/sa/react_native_workspace/new_inventory/inventory_app/src/components/Component/ManageItem.js","statementMap":{"0":{"start":{"line":5,"column":19},"end":{"line":24,"column":1}},"1":{"start":{"line":6,"column":13},"end":{"line":6,"column":27}},"2":{"start":{"line":8,"column":17},"end":{"line":8,"column":66}},"3":{"start":{"line":10,"column":4},"end":{"line":23,"column":5}},"4":{"start":{"line":26,"column":15},"end":{"line":67,"column":2}}},"fnMap":{"0":{"name":"(anonymous_0)","decl":{"start":{"line":5,"column":19},"end":{"line":5,"column":20}},"loc":{"start":{"line":5,"column":28},"end":{"line":24,"column":1}},"line":5}},"branchMap":{"0":{"loc":{"start":{"line":8,"column":17},"end":{"line":8,"column":66}},"type":"cond-expr","locations":[{"start":{"line":8,"column":32},"end":{"line":8,"column":47}},{"start":{"line":8,"column":50},"end":{"line":8,"column":66}}],"line":8}},"s":{"0":1,"1":0,"2":0,"3":0,"4":1},"f":{"0":0},"b":{"0":[0,0]},"_coverageSchema":"1a1c01bbd47fc00a2c39e90264f33305004495a9","hash":"d047cff6ebee65be88a91f52a706da8511b8efb2"}
,"/home/sa/react_native_workspace/new_inventory/inventory_app/src/components/Component/ModalComponent.js": {"path":"/home/sa/react_native_workspace/new_inventory/inventory_app/src/components/Component/ModalComponent.js","statementMap":{"0":{"start":{"line":7,"column":23},"end":{"line":14,"column":1}},"1":{"start":{"line":8,"column":4},"end":{"line":13,"column":5}}},"fnMap":{"0":{"name":"(anonymous_0)","decl":{"start":{"line":7,"column":23},"end":{"line":7,"column":24}},"loc":{"start":{"line":7,"column":32},"end":{"line":14,"column":1}},"line":7}},"branchMap":{},"s":{"0":1,"1":0},"f":{"0":0},"b":{},"_coverageSchema":"1a1c01bbd47fc00a2c39e90264f33305004495a9","hash":"9b6decc607e0d7ea783ea42968020df232bdeeed"}
,"/home/sa/react_native_workspace/new_inventory/inventory_app/src/components/Component/testInput.js": {"path":"/home/sa/react_native_workspace/new_inventory/inventory_app/src/components/Component/testInput.js","statementMap":{"0":{"start":{"line":6,"column":18},"end":{"line":42,"column":1}},"1":{"start":{"line":7,"column":20},"end":{"line":13,"column":6}},"2":{"start":{"line":14,"column":4},"end":{"line":36,"column":5}},"3":{"start":{"line":15,"column":8},"end":{"line":35,"column":9}},"4":{"start":{"line":37,"column":4},"end":{"line":41,"column":5}},"5":{"start":{"line":46,"column":15},"end":{"line":86,"column":2}}},"fnMap":{"0":{"name":"(anonymous_0)","decl":{"start":{"line":6,"column":18},"end":{"line":6,"column":19}},"loc":{"start":{"line":6,"column":29},"end":{"line":42,"column":1}},"line":6}},"branchMap":{"0":{"loc":{"start":{"line":14,"column":4},"end":{"line":36,"column":5}},"type":"if","locations":[{"start":{"line":14,"column":4},"end":{"line":36,"column":5}},{"start":{"line":14,"column":4},"end":{"line":36,"column":5}}],"line":14}},"s":{"0":1,"1":0,"2":0,"3":0,"4":0,"5":1},"f":{"0":0},"b":{"0":[0,0]},"_coverageSchema":"1a1c01bbd47fc00a2c39e90264f33305004495a9","hash":"f17fe835f436b58a9eeb2e2cce803936b433057a"}
,"/home/sa/react_native_workspace/new_inventory/inventory_app/src/components/UI/CartItem.js": {"path":"/home/sa/react_native_workspace/new_inventory/inventory_app/src/components/UI/CartItem.js","statementMap":{"0":{"start":{"line":10,"column":17},"end":{"line":38,"column":1}},"1":{"start":{"line":11,"column":4},"end":{"line":37,"column":6}},"2":{"start":{"line":40,"column":15},"end":{"line":66,"column":2}}},"fnMap":{"0":{"name":"(anonymous_0)","decl":{"start":{"line":10,"column":17},"end":{"line":10,"column":18}},"loc":{"start":{"line":10,"column":26},"end":{"line":38,"column":1}},"line":10}},"branchMap":{"0":{"loc":{"start":{"line":24,"column":21},"end":{"line":32,"column":21}},"type":"binary-expr","locations":[{"start":{"line":24,"column":21},"end":{"line":24,"column":36}},{"start":{"line":25,"column":24},"end":{"line":31,"column":43}}],"line":24}},"s":{"0":1,"1":0,"2":1},"f":{"0":0},"b":{"0":[0,0]},"_coverageSchema":"1a1c01bbd47fc00a2c39e90264f33305004495a9","hash":"75e320d05fb482435f8f48477e449cc9b64a23a6"}
,"/home/sa/react_native_workspace/new_inventory/inventory_app/src/components/UI/CategroyGridTile.js": {"path":"/home/sa/react_native_workspace/new_inventory/inventory_app/src/components/UI/CategroyGridTile.js","statementMap":{"0":{"start":{"line":7,"column":25},"end":{"line":36,"column":1}},"1":{"start":{"line":8,"column":23},"end":{"line":8,"column":39}},"2":{"start":{"line":9,"column":4},"end":{"line":11,"column":5}},"3":{"start":{"line":10,"column":8},"end":{"line":10,"column":47}},"4":{"start":{"line":12,"column":15},"end":{"line":12,"column":19}},"5":{"start":{"line":13,"column":4},"end":{"line":21,"column":5}},"6":{"start":{"line":15,"column":8},"end":{"line":15,"column":123}},"7":{"start":{"line":19,"column":8},"end":{"line":19,"column":90}},"8":{"start":{"line":22,"column":4},"end":{"line":35,"column":5}},"9":{"start":{"line":37,"column":15},"end":{"line":75,"column":2}}},"fnMap":{"0":{"name":"(anonymous_0)","decl":{"start":{"line":7,"column":25},"end":{"line":7,"column":26}},"loc":{"start":{"line":7,"column":34},"end":{"line":36,"column":1}},"line":7}},"branchMap":{"0":{"loc":{"start":{"line":9,"column":4},"end":{"line":11,"column":5}},"type":"if","locations":[{"start":{"line":9,"column":4},"end":{"line":11,"column":5}},{"start":{"line":9,"column":4},"end":{"line":11,"column":5}}],"line":9},"1":{"loc":{"start":{"line":9,"column":8},"end":{"line":9,"column":59}},"type":"binary-expr","locations":[{"start":{"line":9,"column":8},"end":{"line":9,"column":33}},{"start":{"line":9,"column":37},"end":{"line":9,"column":59}}],"line":9},"2":{"loc":{"start":{"line":13,"column":4},"end":{"line":21,"column":5}},"type":"if","locations":[{"start":{"line":13,"column":4},"end":{"line":21,"column":5}},{"start":{"line":13,"column":4},"end":{"line":21,"column":5}}],"line":13},"3":{"loc":{"start":{"line":43,"column":18},"end":{"line":43,"column":91}},"type":"cond-expr","locations":[{"start":{"line":43,"column":71},"end":{"line":43,"column":79}},{"start":{"line":43,"column":82},"end":{"line":43,"column":91}}],"line":43},"4":{"loc":{"start":{"line":43,"column":18},"end":{"line":43,"column":68}},"type":"binary-expr","locations":[{"start":{"line":43,"column":18},"end":{"line":43,"column":42}},{"start":{"line":43,"column":46},"end":{"line":43,"column":68}}],"line":43}},"s":{"0":1,"1":0,"2":0,"3":0,"4":0,"5":0,"6":0,"7":0,"8":0,"9":1},"f":{"0":0},"b":{"0":[0,0],"1":[0,0],"2":[0,0],"3":[0,1],"4":[1,0]},"_coverageSchema":"1a1c01bbd47fc00a2c39e90264f33305004495a9","hash":"5d26ebf66e491eb466eab59589d9c0cf1d05d72a"}
,"/home/sa/react_native_workspace/new_inventory/inventory_app/src/components/UI/Input.js": {"path":"/home/sa/react_native_workspace/new_inventory/inventory_app/src/components/UI/Input.js","statementMap":{"0":{"start":{"line":5,"column":21},"end":{"line":5,"column":35}},"1":{"start":{"line":7,"column":21},"end":{"line":19,"column":1}},"2":{"start":{"line":8,"column":4},"end":{"line":18,"column":5}},"3":{"start":{"line":10,"column":12},"end":{"line":14,"column":14}},"4":{"start":{"line":17,"column":12},"end":{"line":17,"column":25}},"5":{"start":{"line":23,"column":14},"end":{"line":78,"column":1}},"6":{"start":{"line":24,"column":35},"end":{"line":28,"column":6}},"7":{"start":{"line":30,"column":34},"end":{"line":30,"column":39}},"8":{"start":{"line":31,"column":4},"end":{"line":33,"column":40}},"9":{"start":{"line":32,"column":8},"end":{"line":32,"column":64}},"10":{"start":{"line":36,"column":30},"end":{"line":52,"column":5}},"11":{"start":{"line":37,"column":22},"end":{"line":37,"column":26}},"12":{"start":{"line":38,"column":8},"end":{"line":40,"column":9}},"13":{"start":{"line":39,"column":12},"end":{"line":39,"column":28}},"14":{"start":{"line":42,"column":8},"end":{"line":44,"column":9}},"15":{"start":{"line":43,"column":12},"end":{"line":43,"column":28}},"16":{"start":{"line":45,"column":8},"end":{"line":47,"column":9}},"17":{"start":{"line":46,"column":12},"end":{"line":46,"column":28}},"18":{"start":{"line":48,"column":8},"end":{"line":50,"column":9}},"19":{"start":{"line":49,"column":12},"end":{"line":49,"column":28}},"20":{"start":{"line":51,"column":8},"end":{"line":51,"column":72}},"21":{"start":{"line":54,"column":29},"end":{"line":61,"column":5}},"22":{"start":{"line":55,"column":8},"end":{"line":60,"column":9}},"23":{"start":{"line":56,"column":12},"end":{"line":56,"column":55}},"24":{"start":{"line":59,"column":12},"end":{"line":59,"column":55}},"25":{"start":{"line":62,"column":4},"end":{"line":77,"column":6}},"26":{"start":{"line":80,"column":15},"end":{"line":98,"column":2}}},"fnMap":{"0":{"name":"(anonymous_0)","decl":{"start":{"line":7,"column":21},"end":{"line":7,"column":22}},"loc":{"start":{"line":7,"column":40},"end":{"line":19,"column":1}},"line":7},"1":{"name":"(anonymous_1)","decl":{"start":{"line":23,"column":14},"end":{"line":23,"column":15}},"loc":{"start":{"line":23,"column":23},"end":{"line":78,"column":1}},"line":23},"2":{"name":"(anonymous_2)","decl":{"start":{"line":31,"column":14},"end":{"line":31,"column":15}},"loc":{"start":{"line":31,"column":20},"end":{"line":33,"column":5}},"line":31},"3":{"name":"(anonymous_3)","decl":{"start":{"line":36,"column":30},"end":{"line":36,"column":31}},"loc":{"start":{"line":36,"column":38},"end":{"line":52,"column":5}},"line":36},"4":{"name":"(anonymous_4)","decl":{"start":{"line":54,"column":29},"end":{"line":54,"column":30}},"loc":{"start":{"line":54,"column":44},"end":{"line":61,"column":5}},"line":54}},"branchMap":{"0":{"loc":{"start":{"line":8,"column":4},"end":{"line":18,"column":5}},"type":"switch","locations":[{"start":{"line":9,"column":8},"end":{"line":14,"column":14}},{"start":{"line":16,"column":8},"end":{"line":17,"column":25}}],"line":8},"1":{"loc":{"start":{"line":25,"column":15},"end":{"line":25,"column":59}},"type":"cond-expr","locations":[{"start":{"line":25,"column":36},"end":{"line":25,"column":54}},{"start":{"line":25,"column":57},"end":{"line":25,"column":59}}],"line":25},"2":{"loc":{"start":{"line":38,"column":8},"end":{"line":40,"column":9}},"type":"if","locations":[{"start":{"line":38,"column":8},"end":{"line":40,"column":9}},{"start":{"line":38,"column":8},"end":{"line":40,"column":9}}],"line":38},"3":{"loc":{"start":{"line":38,"column":12},"end":{"line":38,"column":47}},"type":"binary-expr","locations":[{"start":{"line":38,"column":12},"end":{"line":38,"column":26}},{"start":{"line":38,"column":30},"end":{"line":38,"column":47}}],"line":38},"4":{"loc":{"start":{"line":42,"column":8},"end":{"line":44,"column":9}},"type":"if","locations":[{"start":{"line":42,"column":8},"end":{"line":44,"column":9}},{"start":{"line":42,"column":8},"end":{"line":44,"column":9}}],"line":42},"5":{"loc":{"start":{"line":42,"column":12},"end":{"line":42,"column":50}},"type":"binary-expr","locations":[{"start":{"line":42,"column":12},"end":{"line":42,"column":29}},{"start":{"line":42,"column":33},"end":{"line":42,"column":50}}],"line":42},"6":{"loc":{"start":{"line":45,"column":8},"end":{"line":47,"column":9}},"type":"if","locations":[{"start":{"line":45,"column":8},"end":{"line":47,"column":9}},{"start":{"line":45,"column":8},"end":{"line":47,"column":9}}],"line":45},"7":{"loc":{"start":{"line":45,"column":12},"end":{"line":45,"column":50}},"type":"binary-expr","locations":[{"start":{"line":45,"column":12},"end":{"line":45,"column":29}},{"start":{"line":45,"column":33},"end":{"line":45,"column":50}}],"line":45},"8":{"loc":{"start":{"line":48,"column":8},"end":{"line":50,"column":9}},"type":"if","locations":[{"start":{"line":48,"column":8},"end":{"line":50,"column":9}},{"start":{"line":48,"column":8},"end":{"line":50,"column":9}}],"line":48},"9":{"loc":{"start":{"line":48,"column":12},"end":{"line":48,"column":68}},"type":"binary-expr","locations":[{"start":{"line":48,"column":12},"end":{"line":48,"column":35}},{"start":{"line":48,"column":39},"end":{"line":48,"column":68}}],"line":48},"10":{"loc":{"start":{"line":55,"column":8},"end":{"line":60,"column":9}},"type":"if","locations":[{"start":{"line":55,"column":8},"end":{"line":60,"column":9}},{"start":{"line":55,"column":8},"end":{"line":60,"column":9}}],"line":55},"11":{"loc":{"start":{"line":71,"column":13},"end":{"line":75,"column":13}},"type":"binary-expr","locations":[{"start":{"line":71,"column":13},"end":{"line":71,"column":32}},{"start":{"line":72,"column":16},"end":{"line":74,"column":23}}],"line":71}},"s":{"0":1,"1":1,"2":0,"3":0,"4":0,"5":1,"6":0,"7":0,"8":0,"9":0,"10":0,"11":0,"12":0,"13":0,"14":0,"15":0,"16":0,"17":0,"18":0,"19":0,"20":0,"21":0,"22":0,"23":0,"24":0,"25":0,"26":1},"f":{"0":0,"1":0,"2":0,"3":0,"4":0},"b":{"0":[0,0],"1":[0,0],"2":[0,0],"3":[0,0],"4":[0,0],"5":[0,0],"6":[0,0],"7":[0,0],"8":[0,0],"9":[0,0],"10":[0,0],"11":[0,0]},"_coverageSchema":"1a1c01bbd47fc00a2c39e90264f33305004495a9","hash":"68cf6f920fc4b486f0ac024926acadabce9e6f25"}
,"/home/sa/react_native_workspace/new_inventory/inventory_app/src/components/UI/ItemList.js": {"path":"/home/sa/react_native_workspace/new_inventory/inventory_app/src/components/UI/ItemList.js","statementMap":{"0":{"start":{"line":5,"column":17},"end":{"line":43,"column":1}},"1":{"start":{"line":7,"column":32},"end":{"line":31,"column":5}},"2":{"start":{"line":9,"column":8},"end":{"line":30,"column":10}},"3":{"start":{"line":20,"column":20},"end":{"line":27,"column":23}},"4":{"start":{"line":32,"column":4},"end":{"line":42,"column":6}},"5":{"start":{"line":37,"column":47},"end":{"line":37,"column":55}},"6":{"start":{"line":45,"column":15},"end":{"line":52,"column":2}}},"fnMap":{"0":{"name":"(anonymous_0)","decl":{"start":{"line":5,"column":17},"end":{"line":5,"column":18}},"loc":{"start":{"line":5,"column":26},"end":{"line":43,"column":1}},"line":5},"1":{"name":"(anonymous_1)","decl":{"start":{"line":7,"column":32},"end":{"line":7,"column":33}},"loc":{"start":{"line":7,"column":44},"end":{"line":31,"column":5}},"line":7},"2":{"name":"(anonymous_2)","decl":{"start":{"line":18,"column":30},"end":{"line":18,"column":31}},"loc":{"start":{"line":18,"column":36},"end":{"line":28,"column":17}},"line":18},"3":{"name":"(anonymous_3)","decl":{"start":{"line":37,"column":30},"end":{"line":37,"column":31}},"loc":{"start":{"line":37,"column":47},"end":{"line":37,"column":55}},"line":37}},"branchMap":{},"s":{"0":1,"1":0,"2":0,"3":0,"4":0,"5":0,"6":1},"f":{"0":0,"1":0,"2":0,"3":0},"b":{},"_coverageSchema":"1a1c01bbd47fc00a2c39e90264f33305004495a9","hash":"1b3327b02eabf727191a0197f2e20a28a1783899"}
,"/home/sa/react_native_workspace/new_inventory/inventory_app/src/components/UI/ManageList.js": {"path":"/home/sa/react_native_workspace/new_inventory/inventory_app/src/components/UI/ManageList.js","statementMap":{"0":{"start":{"line":5,"column":19},"end":{"line":48,"column":1}},"1":{"start":{"line":7,"column":32},"end":{"line":30,"column":5}},"2":{"start":{"line":10,"column":8},"end":{"line":29,"column":10}},"3":{"start":{"line":19,"column":20},"end":{"line":26,"column":22}},"4":{"start":{"line":31,"column":4},"end":{"line":47,"column":6}},"5":{"start":{"line":42,"column":47},"end":{"line":42,"column":55}},"6":{"start":{"line":50,"column":15},"end":{"line":68,"column":2}}},"fnMap":{"0":{"name":"(anonymous_0)","decl":{"start":{"line":5,"column":19},"end":{"line":5,"column":20}},"loc":{"start":{"line":5,"column":28},"end":{"line":48,"column":1}},"line":5},"1":{"name":"(anonymous_1)","decl":{"start":{"line":7,"column":32},"end":{"line":7,"column":33}},"loc":{"start":{"line":7,"column":53},"end":{"line":30,"column":5}},"line":7},"2":{"name":"(anonymous_2)","decl":{"start":{"line":18,"column":30},"end":{"line":18,"column":31}},"loc":{"start":{"line":18,"column":36},"end":{"line":27,"column":17}},"line":18},"3":{"name":"(anonymous_3)","decl":{"start":{"line":42,"column":30},"end":{"line":42,"column":31}},"loc":{"start":{"line":42,"column":47},"end":{"line":42,"column":55}},"line":42}},"branchMap":{},"s":{"0":1,"1":0,"2":0,"3":0,"4":0,"5":0,"6":1},"f":{"0":0,"1":0,"2":0,"3":0},"b":{},"_coverageSchema":"1a1c01bbd47fc00a2c39e90264f33305004495a9","hash":"afa1b416858c4f3c5b93a023c5005be944e4dc82"}
,"/home/sa/react_native_workspace/new_inventory/inventory_app/src/components/UI/OrderItem.js": {"path":"/home/sa/react_native_workspace/new_inventory/inventory_app/src/components/UI/OrderItem.js","statementMap":{"0":{"start":{"line":8,"column":18},"end":{"line":37,"column":1}},"1":{"start":{"line":11,"column":4},"end":{"line":36,"column":6}},"2":{"start":{"line":27,"column":20},"end":{"line":31,"column":22}},"3":{"start":{"line":39,"column":15},"end":{"line":64,"column":2}}},"fnMap":{"0":{"name":"(anonymous_0)","decl":{"start":{"line":8,"column":18},"end":{"line":8,"column":19}},"loc":{"start":{"line":8,"column":27},"end":{"line":37,"column":1}},"line":8},"1":{"name":"(anonymous_1)","decl":{"start":{"line":26,"column":33},"end":{"line":26,"column":34}},"loc":{"start":{"line":27,"column":20},"end":{"line":31,"column":22}},"line":27}},"branchMap":{},"s":{"0":1,"1":0,"2":0,"3":1},"f":{"0":0,"1":0},"b":{},"_coverageSchema":"1a1c01bbd47fc00a2c39e90264f33305004495a9","hash":"54377bf8efaf7be93224f541ed2ca1e1040fe532"}
,"/home/sa/react_native_workspace/new_inventory/inventory_app/src/constants/Colors.js": {"path":"/home/sa/react_native_workspace/new_inventory/inventory_app/src/constants/Colors.js","statementMap":{},"fnMap":{},"branchMap":{},"s":{},"f":{},"b":{},"_coverageSchema":"1a1c01bbd47fc00a2c39e90264f33305004495a9","hash":"d90046515dc1a58a599e685ff2d3092f262d6fa3"}
,"/home/sa/react_native_workspace/new_inventory/inventory_app/src/data/dummy-data.js": {"path":"/home/sa/react_native_workspace/new_inventory/inventory_app/src/data/dummy-data.js","statementMap":{"0":{"start":{"line":6,"column":26},"end":{"line":21,"column":1}},"1":{"start":{"line":25,"column":20},"end":{"line":30,"column":1}},"2":{"start":{"line":35,"column":21},"end":{"line":149,"column":1}},"3":{"start":{"line":152,"column":24},"end":{"line":157,"column":1}}},"fnMap":{},"branchMap":{},"s":{"0":1,"1":1,"2":1,"3":1},"f":{},"b":{},"_coverageSchema":"1a1c01bbd47fc00a2c39e90264f33305004495a9","hash":"7472cf5c4f27358a64664f2783ab19a4eaefebd2"}
,"/home/sa/react_native_workspace/new_inventory/inventory_app/src/models/cart-items.js": {"path":"/home/sa/react_native_workspace/new_inventory/inventory_app/src/models/cart-items.js","statementMap":{"0":{"start":{"line":3,"column":8},"end":{"line":3,"column":33}},"1":{"start":{"line":4,"column":8},"end":{"line":4,"column":35}},"2":{"start":{"line":5,"column":8},"end":{"line":5,"column":35}}},"fnMap":{"0":{"name":"(anonymous_0)","decl":{"start":{"line":2,"column":4},"end":{"line":2,"column":5}},"loc":{"start":{"line":2,"column":48},"end":{"line":6,"column":5}},"line":2}},"branchMap":{},"s":{"0":0,"1":0,"2":0},"f":{"0":0},"b":{},"_coverageSchema":"1a1c01bbd47fc00a2c39e90264f33305004495a9","hash":"4369013f0f76ebc52af06eb268402d5376798802"}
,"/home/sa/react_native_workspace/new_inventory/inventory_app/src/models/category.js": {"path":"/home/sa/react_native_workspace/new_inventory/inventory_app/src/models/category.js","statementMap":{"0":{"start":{"line":3,"column":8},"end":{"line":3,"column":21}},"1":{"start":{"line":4,"column":8},"end":{"line":4,"column":27}},"2":{"start":{"line":5,"column":8},"end":{"line":5,"column":27}},"3":{"start":{"line":6,"column":8},"end":{"line":6,"column":24}}},"fnMap":{"0":{"name":"(anonymous_0)","decl":{"start":{"line":2,"column":4},"end":{"line":2,"column":5}},"loc":{"start":{"line":2,"column":40},"end":{"line":7,"column":5}},"line":2}},"branchMap":{},"s":{"0":6,"1":6,"2":6,"3":6},"f":{"0":6},"b":{},"_coverageSchema":"1a1c01bbd47fc00a2c39e90264f33305004495a9","hash":"fe85ecb39eae6ee23b37726a214af5c69c335f7f"}
,"/home/sa/react_native_workspace/new_inventory/inventory_app/src/models/contact.js": {"path":"/home/sa/react_native_workspace/new_inventory/inventory_app/src/models/contact.js","statementMap":{"0":{"start":{"line":4,"column":8},"end":{"line":4,"column":21}},"1":{"start":{"line":5,"column":8},"end":{"line":5,"column":25}},"2":{"start":{"line":6,"column":8},"end":{"line":6,"column":39}},"3":{"start":{"line":7,"column":8},"end":{"line":7,"column":31}}},"fnMap":{"0":{"name":"(anonymous_0)","decl":{"start":{"line":2,"column":4},"end":{"line":2,"column":5}},"loc":{"start":{"line":3,"column":6},"end":{"line":8,"column":5}},"line":3}},"branchMap":{},"s":{"0":4,"1":4,"2":4,"3":4},"f":{"0":4},"b":{},"_coverageSchema":"1a1c01bbd47fc00a2c39e90264f33305004495a9","hash":"495c34ce11627468e92d3763d6240f122df2eadb"}
,"/home/sa/react_native_workspace/new_inventory/inventory_app/src/models/item.js": {"path":"/home/sa/react_native_workspace/new_inventory/inventory_app/src/models/item.js","statementMap":{"0":{"start":{"line":4,"column":8},"end":{"line":4,"column":23}},"1":{"start":{"line":5,"column":8},"end":{"line":5,"column":27}},"2":{"start":{"line":6,"column":8},"end":{"line":6,"column":27}},"3":{"start":{"line":7,"column":8},"end":{"line":7,"column":31}},"4":{"start":{"line":8,"column":8},"end":{"line":8,"column":27}},"5":{"start":{"line":9,"column":8},"end":{"line":9,"column":33}},"6":{"start":{"line":10,"column":8},"end":{"line":10,"column":39}},"7":{"start":{"line":11,"column":8},"end":{"line":11,"column":24}}},"fnMap":{"0":{"name":"(anonymous_0)","decl":{"start":{"line":2,"column":4},"end":{"line":2,"column":5}},"loc":{"start":{"line":3,"column":6},"end":{"line":12,"column":5}},"line":3}},"branchMap":{},"s":{"0":9,"1":9,"2":9,"3":9,"4":9,"5":9,"6":9,"7":9},"f":{"0":9},"b":{},"_coverageSchema":"1a1c01bbd47fc00a2c39e90264f33305004495a9","hash":"f2a3fe764d88b1b23452055e298b6adb4b5fece2"}
,"/home/sa/react_native_workspace/new_inventory/inventory_app/src/models/order.js": {"path":"/home/sa/react_native_workspace/new_inventory/inventory_app/src/models/order.js","statementMap":{"0":{"start":{"line":5,"column":8},"end":{"line":5,"column":21}},"1":{"start":{"line":6,"column":8},"end":{"line":6,"column":27}},"2":{"start":{"line":7,"column":8},"end":{"line":7,"column":25}},"3":{"start":{"line":11,"column":8},"end":{"line":11,"column":63}}},"fnMap":{"0":{"name":"(anonymous_0)","decl":{"start":{"line":4,"column":4},"end":{"line":4,"column":5}},"loc":{"start":{"line":4,"column":33},"end":{"line":8,"column":5}},"line":4},"1":{"name":"(anonymous_1)","decl":{"start":{"line":10,"column":4},"end":{"line":10,"column":5}},"loc":{"start":{"line":10,"column":23},"end":{"line":12,"column":5}},"line":10}},"branchMap":{},"s":{"0":0,"1":0,"2":0,"3":0},"f":{"0":0,"1":0},"b":{},"_coverageSchema":"1a1c01bbd47fc00a2c39e90264f33305004495a9","hash":"140fe3edb26780c0c6a4423d8c5cbaa6d935a1a8"}
,"/home/sa/react_native_workspace/new_inventory/inventory_app/src/models/type.js": {"path":"/home/sa/react_native_workspace/new_inventory/inventory_app/src/models/type.js","statementMap":{"0":{"start":{"line":4,"column":8},"end":{"line":4,"column":21}},"1":{"start":{"line":5,"column":8},"end":{"line":5,"column":27}},"2":{"start":{"line":6,"column":8},"end":{"line":6,"column":27}},"3":{"start":{"line":7,"column":8},"end":{"line":7,"column":24}}},"fnMap":{"0":{"name":"(anonymous_0)","decl":{"start":{"line":3,"column":4},"end":{"line":3,"column":5}},"loc":{"start":{"line":3,"column":40},"end":{"line":8,"column":5}},"line":3}},"branchMap":{},"s":{"0":4,"1":4,"2":4,"3":4},"f":{"0":4},"b":{},"_coverageSchema":"1a1c01bbd47fc00a2c39e90264f33305004495a9","hash":"335b8e8d392580b2edcaa2d14cdb18115c9575d4"}
,"/home/sa/react_native_workspace/new_inventory/inventory_app/src/navigation/InventoryNavigator.js": {"path":"/home/sa/react_native_workspace/new_inventory/inventory_app/src/navigation/InventoryNavigator.js","statementMap":{"0":{"start":{"line":28,"column":20},"end":{"line":39,"column":1}},"1":{"start":{"line":41,"column":23},"end":{"line":58,"column":1}},"2":{"start":{"line":60,"column":25},"end":{"line":70,"column":1}},"3":{"start":{"line":72,"column":24},"end":{"line":92,"column":1}},"4":{"start":{"line":77,"column":16},"end":{"line":77,"column":89}},"5":{"start":{"line":86,"column":16},"end":{"line":86,"column":87}},"6":{"start":{"line":94,"column":30},"end":{"line":133,"column":6}},"7":{"start":{"line":100,"column":20},"end":{"line":104,"column":22}},"8":{"start":{"line":119,"column":20},"end":{"line":123,"column":22}},"9":{"start":{"line":135,"column":23},"end":{"line":155,"column":1}},"10":{"start":{"line":136,"column":4},"end":{"line":154,"column":6}},"11":{"start":{"line":141,"column":16},"end":{"line":146,"column":18}},"12":{"start":{"line":156,"column":26},"end":{"line":156,"column":68}},"13":{"start":{"line":161,"column":39},"end":{"line":178,"column":1}},"14":{"start":{"line":166,"column":12},"end":{"line":170,"column":14}},"15":{"start":{"line":180,"column":28},"end":{"line":197,"column":1}},"16":{"start":{"line":185,"column":12},"end":{"line":189,"column":14}},"17":{"start":{"line":199,"column":33},"end":{"line":199,"column":77}},"18":{"start":{"line":201,"column":22},"end":{"line":234,"column":1}},"19":{"start":{"line":213,"column":12},"end":{"line":221,"column":28}},"20":{"start":{"line":236,"column":23},"end":{"line":244,"column":1}}},"fnMap":{"0":{"name":"(anonymous_0)","decl":{"start":{"line":76,"column":24},"end":{"line":76,"column":25}},"loc":{"start":{"line":76,"column":37},"end":{"line":78,"column":13}},"line":76},"1":{"name":"(anonymous_1)","decl":{"start":{"line":85,"column":24},"end":{"line":85,"column":25}},"loc":{"start":{"line":85,"column":37},"end":{"line":87,"column":13}},"line":85},"2":{"name":"(anonymous_2)","decl":{"start":{"line":99,"column":28},"end":{"line":99,"column":29}},"loc":{"start":{"line":100,"column":20},"end":{"line":104,"column":22}},"line":100},"3":{"name":"(anonymous_3)","decl":{"start":{"line":118,"column":28},"end":{"line":118,"column":29}},"loc":{"start":{"line":119,"column":20},"end":{"line":123,"column":22}},"line":119},"4":{"name":"(anonymous_4)","decl":{"start":{"line":135,"column":23},"end":{"line":135,"column":24}},"loc":{"start":{"line":135,"column":54},"end":{"line":155,"column":1}},"line":135},"5":{"name":"(anonymous_5)","decl":{"start":{"line":140,"column":24},"end":{"line":140,"column":25}},"loc":{"start":{"line":141,"column":16},"end":{"line":146,"column":18}},"line":141},"6":{"name":"(anonymous_6)","decl":{"start":{"line":165,"column":20},"end":{"line":165,"column":21}},"loc":{"start":{"line":166,"column":12},"end":{"line":170,"column":14}},"line":166},"7":{"name":"(anonymous_7)","decl":{"start":{"line":184,"column":20},"end":{"line":184,"column":21}},"loc":{"start":{"line":185,"column":12},"end":{"line":189,"column":14}},"line":185},"8":{"name":"(anonymous_8)","decl":{"start":{"line":212,"column":26},"end":{"line":212,"column":27}},"loc":{"start":{"line":213,"column":12},"end":{"line":221,"column":28}},"line":213}},"branchMap":{"0":{"loc":{"start":{"line":30,"column":25},"end":{"line":30,"column":72}},"type":"cond-expr","locations":[{"start":{"line":30,"column":53},"end":{"line":30,"column":67}},{"start":{"line":30,"column":70},"end":{"line":30,"column":72}}],"line":30},"1":{"loc":{"start":{"line":38,"column":21},"end":{"line":38,"column":73}},"type":"cond-expr","locations":[{"start":{"line":38,"column":49},"end":{"line":38,"column":56}},{"start":{"line":38,"column":59},"end":{"line":38,"column":73}}],"line":38},"2":{"loc":{"start":{"line":94,"column":30},"end":{"line":133,"column":6}},"type":"cond-expr","locations":[{"start":{"line":95,"column":4},"end":{"line":113,"column":10}},{"start":{"line":114,"column":4},"end":{"line":133,"column":6}}],"line":94},"3":{"loc":{"start":{"line":101,"column":30},"end":{"line":101,"column":84}},"type":"cond-expr","locations":[{"start":{"line":101,"column":58},"end":{"line":101,"column":69}},{"start":{"line":101,"column":72},"end":{"line":101,"column":84}}],"line":101},"4":{"loc":{"start":{"line":120,"column":30},"end":{"line":120,"column":84}},"type":"cond-expr","locations":[{"start":{"line":120,"column":58},"end":{"line":120,"column":69}},{"start":{"line":120,"column":72},"end":{"line":120,"column":84}}],"line":120},"5":{"loc":{"start":{"line":142,"column":26},"end":{"line":142,"column":80}},"type":"cond-expr","locations":[{"start":{"line":142,"column":54},"end":{"line":142,"column":65}},{"start":{"line":142,"column":68},"end":{"line":142,"column":80}}],"line":142},"6":{"loc":{"start":{"line":167,"column":22},"end":{"line":167,"column":78}},"type":"cond-expr","locations":[{"start":{"line":167,"column":50},"end":{"line":167,"column":62}},{"start":{"line":167,"column":65},"end":{"line":167,"column":78}}],"line":167},"7":{"loc":{"start":{"line":186,"column":22},"end":{"line":186,"column":72}},"type":"cond-expr","locations":[{"start":{"line":186,"column":50},"end":{"line":186,"column":59}},{"start":{"line":186,"column":62},"end":{"line":186,"column":72}}],"line":186}},"s":{"0":1,"1":1,"2":1,"3":1,"4":0,"5":0,"6":1,"7":0,"8":0,"9":1,"10":2,"11":0,"12":1,"13":1,"14":0,"15":1,"16":0,"17":1,"18":1,"19":0,"20":1},"f":{"0":0,"1":0,"2":0,"3":0,"4":2,"5":0,"6":0,"7":0,"8":0},"b":{"0":[0,1],"1":[0,1],"2":[0,1],"3":[0,0],"4":[0,0],"5":[0,0],"6":[0,0],"7":[0,0]},"_coverageSchema":"1a1c01bbd47fc00a2c39e90264f33305004495a9","hash":"edc583693c2bddaf49d6d5c8e1edac67d43c5ca7"}
,"/home/sa/react_native_workspace/new_inventory/inventory_app/src/screens/AddScreen.js": {"path":"/home/sa/react_native_workspace/new_inventory/inventory_app/src/screens/AddScreen.js","statementMap":{"0":{"start":{"line":22,"column":26},"end":{"line":22,"column":45}},"1":{"start":{"line":24,"column":20},"end":{"line":45,"column":1}},"2":{"start":{"line":25,"column":4},"end":{"line":43,"column":5}},"3":{"start":{"line":26,"column":30},"end":{"line":29,"column":9}},"4":{"start":{"line":30,"column":34},"end":{"line":33,"column":9}},"5":{"start":{"line":34,"column":33},"end":{"line":34,"column":37}},"6":{"start":{"line":35,"column":8},"end":{"line":37,"column":9}},"7":{"start":{"line":36,"column":12},"end":{"line":36,"column":78}},"8":{"start":{"line":38,"column":8},"end":{"line":42,"column":10}},"9":{"start":{"line":44,"column":4},"end":{"line":44,"column":17}},"10":{"start":{"line":48,"column":18},"end":{"line":205,"column":1}},"11":{"start":{"line":50,"column":25},"end":{"line":52,"column":5}},"12":{"start":{"line":51,"column":8},"end":{"line":51,"column":25}},"13":{"start":{"line":54,"column":21},"end":{"line":54,"column":34}},"14":{"start":{"line":55,"column":23},"end":{"line":84,"column":6}},"15":{"start":{"line":86,"column":43},"end":{"line":97,"column":6}},"16":{"start":{"line":102,"column":26},"end":{"line":123,"column":5}},"17":{"start":{"line":104,"column":8},"end":{"line":109,"column":9}},"18":{"start":{"line":105,"column":12},"end":{"line":107,"column":15}},"19":{"start":{"line":108,"column":12},"end":{"line":108,"column":19}},"20":{"start":{"line":113,"column":8},"end":{"line":122,"column":9}},"21":{"start":{"line":114,"column":12},"end":{"line":114,"column":52}},"22":{"start":{"line":117,"column":27},"end":{"line":117,"column":96}},"23":{"start":{"line":117,"column":53},"end":{"line":117,"column":95}},"24":{"start":{"line":119,"column":12},"end":{"line":119,"column":87}},"25":{"start":{"line":120,"column":12},"end":{"line":120,"column":35}},"26":{"start":{"line":125,"column":31},"end":{"line":144,"column":31}},"27":{"start":{"line":127,"column":24},"end":{"line":127,"column":34}},"28":{"start":{"line":128,"column":29},"end":{"line":128,"column":44}},"29":{"start":{"line":129,"column":12},"end":{"line":134,"column":13}},"30":{"start":{"line":131,"column":16},"end":{"line":131,"column":40}},"31":{"start":{"line":132,"column":16},"end":{"line":132,"column":37}},"32":{"start":{"line":133,"column":16},"end":{"line":133,"column":38}},"33":{"start":{"line":136,"column":12},"end":{"line":142,"column":15}},"34":{"start":{"line":146,"column":4},"end":{"line":204,"column":6}},"35":{"start":{"line":165,"column":28},"end":{"line":165,"column":92}},"36":{"start":{"line":207,"column":0},"end":{"line":209,"column":2}},"37":{"start":{"line":208,"column":4},"end":{"line":208,"column":49}},"38":{"start":{"line":211,"column":15},"end":{"line":228,"column":2}},"39":{"start":{"line":229,"column":27},"end":{"line":254,"column":2}}},"fnMap":{"0":{"name":"(anonymous_0)","decl":{"start":{"line":24,"column":20},"end":{"line":24,"column":21}},"loc":{"start":{"line":24,"column":39},"end":{"line":45,"column":1}},"line":24},"1":{"name":"(anonymous_1)","decl":{"start":{"line":48,"column":18},"end":{"line":48,"column":19}},"loc":{"start":{"line":48,"column":27},"end":{"line":205,"column":1}},"line":48},"2":{"name":"(anonymous_2)","decl":{"start":{"line":50,"column":37},"end":{"line":50,"column":38}},"loc":{"start":{"line":51,"column":8},"end":{"line":51,"column":25}},"line":51},"3":{"name":"(anonymous_3)","decl":{"start":{"line":102,"column":26},"end":{"line":102,"column":27}},"loc":{"start":{"line":102,"column":32},"end":{"line":123,"column":5}},"line":102},"4":{"name":"(anonymous_4)","decl":{"start":{"line":117,"column":45},"end":{"line":117,"column":46}},"loc":{"start":{"line":117,"column":53},"end":{"line":117,"column":95}},"line":117},"5":{"name":"(anonymous_5)","decl":{"start":{"line":126,"column":8},"end":{"line":126,"column":9}},"loc":{"start":{"line":126,"column":56},"end":{"line":144,"column":9}},"line":126},"6":{"name":"(anonymous_6)","decl":{"start":{"line":164,"column":30},"end":{"line":164,"column":31}},"loc":{"start":{"line":164,"column":36},"end":{"line":166,"column":25}},"line":164},"7":{"name":"(anonymous_7)","decl":{"start":{"line":207,"column":30},"end":{"line":207,"column":31}},"loc":{"start":{"line":207,"column":41},"end":{"line":209,"column":1}},"line":207}},"branchMap":{"0":{"loc":{"start":{"line":25,"column":4},"end":{"line":43,"column":5}},"type":"if","locations":[{"start":{"line":25,"column":4},"end":{"line":43,"column":5}},{"start":{"line":25,"column":4},"end":{"line":43,"column":5}}],"line":25},"1":{"loc":{"start":{"line":36,"column":33},"end":{"line":36,"column":77}},"type":"binary-expr","locations":[{"start":{"line":36,"column":33},"end":{"line":36,"column":51}},{"start":{"line":36,"column":55},"end":{"line":36,"column":77}}],"line":36},"2":{"loc":{"start":{"line":92,"column":19},"end":{"line":92,"column":36}},"type":"cond-expr","locations":[{"start":{"line":92,"column":24},"end":{"line":92,"column":29}},{"start":{"line":92,"column":32},"end":{"line":92,"column":36}}],"line":92},"3":{"loc":{"start":{"line":93,"column":22},"end":{"line":93,"column":39}},"type":"cond-expr","locations":[{"start":{"line":93,"column":27},"end":{"line":93,"column":32}},{"start":{"line":93,"column":35},"end":{"line":93,"column":39}}],"line":93},"4":{"loc":{"start":{"line":95,"column":21},"end":{"line":95,"column":39}},"type":"cond-expr","locations":[{"start":{"line":95,"column":27},"end":{"line":95,"column":31}},{"start":{"line":95,"column":34},"end":{"line":95,"column":39}}],"line":95},"5":{"loc":{"start":{"line":104,"column":8},"end":{"line":109,"column":9}},"type":"if","locations":[{"start":{"line":104,"column":8},"end":{"line":109,"column":9}},{"start":{"line":104,"column":8},"end":{"line":109,"column":9}}],"line":104},"6":{"loc":{"start":{"line":113,"column":8},"end":{"line":122,"column":9}},"type":"if","locations":[{"start":{"line":113,"column":8},"end":{"line":122,"column":9}},{"start":{"line":113,"column":8},"end":{"line":122,"column":9}}],"line":113},"7":{"loc":{"start":{"line":113,"column":12},"end":{"line":113,"column":59}},"type":"binary-expr","locations":[{"start":{"line":113,"column":12},"end":{"line":113,"column":46}},{"start":{"line":113,"column":50},"end":{"line":113,"column":59}}],"line":113},"8":{"loc":{"start":{"line":129,"column":12},"end":{"line":134,"column":13}},"type":"if","locations":[{"start":{"line":129,"column":12},"end":{"line":134,"column":13}},{"start":{"line":129,"column":12},"end":{"line":134,"column":13}}],"line":129}},"s":{"0":1,"1":1,"2":0,"3":0,"4":0,"5":0,"6":0,"7":0,"8":0,"9":0,"10":1,"11":0,"12":0,"13":0,"14":0,"15":0,"16":0,"17":0,"18":0,"19":0,"20":0,"21":0,"22":0,"23":0,"24":0,"25":0,"26":0,"27":0,"28":0,"29":0,"30":0,"31":0,"32":0,"33":0,"34":0,"35":0,"36":1,"37":0,"38":1,"39":1},"f":{"0":0,"1":0,"2":0,"3":0,"4":0,"5":0,"6":0,"7":0},"b":{"0":[0,0],"1":[0,0],"2":[0,0],"3":[0,0],"4":[0,0],"5":[0,0],"6":[0,0],"7":[0,0],"8":[0,0]},"_coverageSchema":"1a1c01bbd47fc00a2c39e90264f33305004495a9","hash":"6be1c60faa1cd6cde3ab796d5403575568fdede1"}
,"/home/sa/react_native_workspace/new_inventory/inventory_app/src/screens/CartScreen.js": {"path":"/home/sa/react_native_workspace/new_inventory/inventory_app/src/screens/CartScreen.js","statementMap":{"0":{"start":{"line":21,"column":19},"end":{"line":91,"column":1}},"1":{"start":{"line":22,"column":38},"end":{"line":22,"column":53}},"2":{"start":{"line":23,"column":22},"end":{"line":37,"column":6}},"3":{"start":{"line":24,"column":37},"end":{"line":24,"column":39}},"4":{"start":{"line":25,"column":8},"end":{"line":33,"column":9}},"5":{"start":{"line":26,"column":12},"end":{"line":32,"column":15}},"6":{"start":{"line":34,"column":8},"end":{"line":36,"column":10}},"7":{"start":{"line":35,"column":12},"end":{"line":35,"column":44}},"8":{"start":{"line":39,"column":21},"end":{"line":39,"column":34}},"9":{"start":{"line":42,"column":29},"end":{"line":47,"column":5}},"10":{"start":{"line":44,"column":8},"end":{"line":44,"column":52}},"11":{"start":{"line":46,"column":8},"end":{"line":46,"column":42}},"12":{"start":{"line":50,"column":27},"end":{"line":52,"column":5}},"13":{"start":{"line":51,"column":8},"end":{"line":51,"column":40}},"14":{"start":{"line":53,"column":4},"end":{"line":90,"column":6}},"15":{"start":{"line":61,"column":46},"end":{"line":61,"column":57}},"16":{"start":{"line":63,"column":28},"end":{"line":70,"column":30}},"17":{"start":{"line":68,"column":36},"end":{"line":68,"column":95}},"18":{"start":{"line":93,"column":0},"end":{"line":110,"column":1}},"19":{"start":{"line":94,"column":4},"end":{"line":109,"column":5}},"20":{"start":{"line":103,"column":12},"end":{"line":107,"column":28}},"21":{"start":{"line":105,"column":20},"end":{"line":105,"column":53}},"22":{"start":{"line":112,"column":15},"end":{"line":127,"column":2}}},"fnMap":{"0":{"name":"(anonymous_0)","decl":{"start":{"line":21,"column":19},"end":{"line":21,"column":20}},"loc":{"start":{"line":21,"column":28},"end":{"line":91,"column":1}},"line":21},"1":{"name":"(anonymous_1)","decl":{"start":{"line":23,"column":34},"end":{"line":23,"column":35}},"loc":{"start":{"line":23,"column":43},"end":{"line":37,"column":5}},"line":23},"2":{"name":"(anonymous_2)","decl":{"start":{"line":34,"column":41},"end":{"line":34,"column":42}},"loc":{"start":{"line":35,"column":12},"end":{"line":35,"column":44}},"line":35},"3":{"name":"(anonymous_3)","decl":{"start":{"line":42,"column":29},"end":{"line":42,"column":30}},"loc":{"start":{"line":42,"column":35},"end":{"line":47,"column":5}},"line":42},"4":{"name":"(anonymous_4)","decl":{"start":{"line":50,"column":27},"end":{"line":50,"column":28}},"loc":{"start":{"line":50,"column":33},"end":{"line":52,"column":5}},"line":50},"5":{"name":"(anonymous_5)","decl":{"start":{"line":61,"column":38},"end":{"line":61,"column":39}},"loc":{"start":{"line":61,"column":46},"end":{"line":61,"column":57}},"line":61},"6":{"name":"(anonymous_6)","decl":{"start":{"line":62,"column":36},"end":{"line":62,"column":37}},"loc":{"start":{"line":63,"column":28},"end":{"line":70,"column":30}},"line":63},"7":{"name":"(anonymous_7)","decl":{"start":{"line":67,"column":42},"end":{"line":67,"column":43}},"loc":{"start":{"line":67,"column":48},"end":{"line":69,"column":33}},"line":67},"8":{"name":"(anonymous_8)","decl":{"start":{"line":93,"column":31},"end":{"line":93,"column":32}},"loc":{"start":{"line":93,"column":42},"end":{"line":110,"column":1}},"line":93},"9":{"name":"(anonymous_9)","decl":{"start":{"line":102,"column":20},"end":{"line":102,"column":21}},"loc":{"start":{"line":103,"column":12},"end":{"line":107,"column":28}},"line":103},"10":{"name":"(anonymous_10)","decl":{"start":{"line":104,"column":64},"end":{"line":104,"column":65}},"loc":{"start":{"line":104,"column":70},"end":{"line":106,"column":17}},"line":104}},"branchMap":{"0":{"loc":{"start":{"line":35,"column":12},"end":{"line":35,"column":44}},"type":"cond-expr","locations":[{"start":{"line":35,"column":38},"end":{"line":35,"column":40}},{"start":{"line":35,"column":43},"end":{"line":35,"column":44}}],"line":35},"1":{"loc":{"start":{"line":56,"column":13},"end":{"line":72,"column":81}},"type":"cond-expr","locations":[{"start":{"line":57,"column":16},"end":{"line":72,"column":25}},{"start":{"line":72,"column":28},"end":{"line":72,"column":81}}],"line":56},"2":{"loc":{"start":{"line":97,"column":29},"end":{"line":97,"column":81}},"type":"cond-expr","locations":[{"start":{"line":97,"column":57},"end":{"line":97,"column":76}},{"start":{"line":97,"column":79},"end":{"line":97,"column":81}}],"line":97}},"s":{"0":1,"1":0,"2":0,"3":0,"4":0,"5":0,"6":0,"7":0,"8":0,"9":0,"10":0,"11":0,"12":0,"13":0,"14":0,"15":0,"16":0,"17":0,"18":1,"19":0,"20":0,"21":0,"22":1},"f":{"0":0,"1":0,"2":0,"3":0,"4":0,"5":0,"6":0,"7":0,"8":0,"9":0,"10":0},"b":{"0":[0,0],"1":[0,0],"2":[0,0]},"_coverageSchema":"1a1c01bbd47fc00a2c39e90264f33305004495a9","hash":"3dbf2d2b64bd849587ddad5d01c984af3ee0429e"}
,"/home/sa/react_native_workspace/new_inventory/inventory_app/src/screens/CategoriesScreen.js": {"path":"/home/sa/react_native_workspace/new_inventory/inventory_app/src/screens/CategoriesScreen.js","statementMap":{"0":{"start":{"line":12,"column":25},"end":{"line":68,"column":1}},"1":{"start":{"line":13,"column":21},"end":{"line":13,"column":34}},"2":{"start":{"line":18,"column":27},"end":{"line":56,"column":5}},"3":{"start":{"line":19,"column":8},"end":{"line":55,"column":9}},"4":{"start":{"line":25,"column":32},"end":{"line":25,"column":47}},"5":{"start":{"line":26,"column":20},"end":{"line":44,"column":21}},"6":{"start":{"line":28,"column":28},"end":{"line":28,"column":53}},"7":{"start":{"line":29,"column":28},"end":{"line":29,"column":34}},"8":{"start":{"line":31,"column":28},"end":{"line":31,"column":45}},"9":{"start":{"line":32,"column":28},"end":{"line":32,"column":34}},"10":{"start":{"line":34,"column":28},"end":{"line":34,"column":42}},"11":{"start":{"line":35,"column":28},"end":{"line":35,"column":34}},"12":{"start":{"line":37,"column":28},"end":{"line":37,"column":42}},"13":{"start":{"line":38,"column":28},"end":{"line":38,"column":34}},"14":{"start":{"line":40,"column":28},"end":{"line":40,"column":46}},"15":{"start":{"line":41,"column":28},"end":{"line":41,"column":34}},"16":{"start":{"line":43,"column":28},"end":{"line":43,"column":34}},"17":{"start":{"line":45,"column":20},"end":{"line":52,"column":26}},"18":{"start":{"line":58,"column":4},"end":{"line":64,"column":6}},"19":{"start":{"line":61,"column":16},"end":{"line":61,"column":30}},"20":{"start":{"line":70,"column":0},"end":{"line":93,"column":1}},"21":{"start":{"line":71,"column":4},"end":{"line":92,"column":5}},"22":{"start":{"line":80,"column":12},"end":{"line":84,"column":28}},"23":{"start":{"line":82,"column":20},"end":{"line":82,"column":53}},"24":{"start":{"line":95,"column":15},"end":{"line":103,"column":2}}},"fnMap":{"0":{"name":"(anonymous_0)","decl":{"start":{"line":12,"column":25},"end":{"line":12,"column":26}},"loc":{"start":{"line":12,"column":34},"end":{"line":68,"column":1}},"line":12},"1":{"name":"(anonymous_1)","decl":{"start":{"line":18,"column":27},"end":{"line":18,"column":28}},"loc":{"start":{"line":18,"column":41},"end":{"line":56,"column":5}},"line":18},"2":{"name":"(anonymous_2)","decl":{"start":{"line":24,"column":26},"end":{"line":24,"column":27}},"loc":{"start":{"line":24,"column":32},"end":{"line":53,"column":17}},"line":24},"3":{"name":"(anonymous_3)","decl":{"start":{"line":60,"column":26},"end":{"line":60,"column":27}},"loc":{"start":{"line":60,"column":43},"end":{"line":62,"column":13}},"line":60},"4":{"name":"(anonymous_4)","decl":{"start":{"line":70,"column":37},"end":{"line":70,"column":38}},"loc":{"start":{"line":70,"column":48},"end":{"line":93,"column":1}},"line":70},"5":{"name":"(anonymous_5)","decl":{"start":{"line":79,"column":20},"end":{"line":79,"column":21}},"loc":{"start":{"line":80,"column":12},"end":{"line":84,"column":28}},"line":80},"6":{"name":"(anonymous_6)","decl":{"start":{"line":81,"column":64},"end":{"line":81,"column":65}},"loc":{"start":{"line":81,"column":70},"end":{"line":83,"column":17}},"line":81}},"branchMap":{"0":{"loc":{"start":{"line":26,"column":20},"end":{"line":44,"column":21}},"type":"switch","locations":[{"start":{"line":27,"column":24},"end":{"line":29,"column":34}},{"start":{"line":30,"column":24},"end":{"line":32,"column":34}},{"start":{"line":33,"column":24},"end":{"line":35,"column":34}},{"start":{"line":36,"column":24},"end":{"line":38,"column":34}},{"start":{"line":39,"column":24},"end":{"line":41,"column":34}},{"start":{"line":42,"column":24},"end":{"line":43,"column":34}}],"line":26},"1":{"loc":{"start":{"line":74,"column":29},"end":{"line":74,"column":81}},"type":"cond-expr","locations":[{"start":{"line":74,"column":57},"end":{"line":74,"column":76}},{"start":{"line":74,"column":79},"end":{"line":74,"column":81}}],"line":74}},"s":{"0":1,"1":0,"2":0,"3":0,"4":0,"5":0,"6":0,"7":0,"8":0,"9":0,"10":0,"11":0,"12":0,"13":0,"14":0,"15":0,"16":0,"17":0,"18":0,"19":0,"20":1,"21":0,"22":0,"23":0,"24":1},"f":{"0":0,"1":0,"2":0,"3":0,"4":0,"5":0,"6":0},"b":{"0":[0,0,0,0,0,0],"1":[0,0]},"_coverageSchema":"1a1c01bbd47fc00a2c39e90264f33305004495a9","hash":"c8342fd360145c2b9448e091823793f7214734a5"}
,"/home/sa/react_native_workspace/new_inventory/inventory_app/src/screens/EditItemScreen.js": {"path":"/home/sa/react_native_workspace/new_inventory/inventory_app/src/screens/EditItemScreen.js","statementMap":{"0":{"start":{"line":22,"column":26},"end":{"line":22,"column":45}},"1":{"start":{"line":24,"column":20},"end":{"line":47,"column":1}},"2":{"start":{"line":25,"column":2},"end":{"line":45,"column":3}},"3":{"start":{"line":26,"column":26},"end":{"line":29,"column":5}},"4":{"start":{"line":30,"column":30},"end":{"line":33,"column":5}},"5":{"start":{"line":34,"column":29},"end":{"line":34,"column":33}},"6":{"start":{"line":35,"column":4},"end":{"line":38,"column":5}},"7":{"start":{"line":36,"column":6},"end":{"line":36,"column":72}},"8":{"start":{"line":39,"column":4},"end":{"line":43,"column":6}},"9":{"start":{"line":46,"column":2},"end":{"line":46,"column":15}},"10":{"start":{"line":52,"column":23},"end":{"line":354,"column":1}},"11":{"start":{"line":53,"column":19},"end":{"line":53,"column":32}},"12":{"start":{"line":54,"column":17},"end":{"line":54,"column":52}},"13":{"start":{"line":55,"column":36},"end":{"line":55,"column":51}},"14":{"start":{"line":56,"column":28},"end":{"line":56,"column":38}},"15":{"start":{"line":58,"column":19},"end":{"line":58,"column":23}},"16":{"start":{"line":59,"column":24},"end":{"line":59,"column":28}},"17":{"start":{"line":60,"column":21},"end":{"line":73,"column":4}},"18":{"start":{"line":74,"column":2},"end":{"line":126,"column":3}},"19":{"start":{"line":75,"column":4},"end":{"line":83,"column":5}},"20":{"start":{"line":76,"column":6},"end":{"line":82,"column":7}},"21":{"start":{"line":78,"column":8},"end":{"line":80,"column":9}},"22":{"start":{"line":79,"column":10},"end":{"line":79,"column":22}},"23":{"start":{"line":85,"column":26},"end":{"line":114,"column":32}},"24":{"start":{"line":87,"column":8},"end":{"line":89,"column":9}},"25":{"start":{"line":91,"column":6},"end":{"line":113,"column":7}},"26":{"start":{"line":101,"column":14},"end":{"line":108,"column":15}},"27":{"start":{"line":102,"column":16},"end":{"line":102,"column":35}},"28":{"start":{"line":103,"column":16},"end":{"line":103,"column":39}},"29":{"start":{"line":104,"column":16},"end":{"line":104,"column":36}},"30":{"start":{"line":105,"column":16},"end":{"line":105,"column":60}},"31":{"start":{"line":107,"column":16},"end":{"line":107,"column":74}},"32":{"start":{"line":116,"column":4},"end":{"line":125,"column":6}},"33":{"start":{"line":128,"column":41},"end":{"line":146,"column":4}},"34":{"start":{"line":151,"column":2},"end":{"line":155,"column":14}},"35":{"start":{"line":152,"column":4},"end":{"line":154,"column":5}},"36":{"start":{"line":153,"column":6},"end":{"line":153,"column":67}},"37":{"start":{"line":157,"column":24},"end":{"line":206,"column":35}},"38":{"start":{"line":159,"column":4},"end":{"line":164,"column":5}},"39":{"start":{"line":160,"column":6},"end":{"line":162,"column":9}},"40":{"start":{"line":163,"column":6},"end":{"line":163,"column":13}},"41":{"start":{"line":166,"column":4},"end":{"line":166,"column":19}},"42":{"start":{"line":167,"column":4},"end":{"line":167,"column":23}},"43":{"start":{"line":169,"column":4},"end":{"line":203,"column":5}},"44":{"start":{"line":170,"column":6},"end":{"line":199,"column":7}},"45":{"start":{"line":174,"column":8},"end":{"line":185,"column":10}},"46":{"start":{"line":188,"column":8},"end":{"line":198,"column":10}},"47":{"start":{"line":200,"column":6},"end":{"line":200,"column":32}},"48":{"start":{"line":202,"column":6},"end":{"line":202,"column":28}},"49":{"start":{"line":204,"column":4},"end":{"line":204,"column":24}},"50":{"start":{"line":208,"column":2},"end":{"line":210,"column":22}},"51":{"start":{"line":209,"column":4},"end":{"line":209,"column":58}},"52":{"start":{"line":212,"column":29},"end":{"line":233,"column":3}},"53":{"start":{"line":215,"column":18},"end":{"line":215,"column":28}},"54":{"start":{"line":216,"column":23},"end":{"line":216,"column":38}},"55":{"start":{"line":218,"column":6},"end":{"line":222,"column":7}},"56":{"start":{"line":219,"column":8},"end":{"line":219,"column":32}},"57":{"start":{"line":220,"column":8},"end":{"line":220,"column":28}},"58":{"start":{"line":221,"column":8},"end":{"line":221,"column":30}},"59":{"start":{"line":225,"column":6},"end":{"line":230,"column":9}},"60":{"start":{"line":238,"column":2},"end":{"line":244,"column":3}},"61":{"start":{"line":239,"column":4},"end":{"line":243,"column":5}},"62":{"start":{"line":246,"column":2},"end":{"line":353,"column":4}},"63":{"start":{"line":292,"column":14},"end":{"line":292,"column":79}},"64":{"start":{"line":356,"column":0},"end":{"line":378,"column":2}},"65":{"start":{"line":357,"column":19},"end":{"line":357,"column":56}},"66":{"start":{"line":358,"column":2},"end":{"line":377,"column":4}},"67":{"start":{"line":367,"column":6},"end":{"line":375,"column":22}},"68":{"start":{"line":380,"column":15},"end":{"line":394,"column":2}},"69":{"start":{"line":395,"column":27},"end":{"line":420,"column":2}}},"fnMap":{"0":{"name":"(anonymous_0)","decl":{"start":{"line":24,"column":20},"end":{"line":24,"column":21}},"loc":{"start":{"line":24,"column":39},"end":{"line":47,"column":1}},"line":24},"1":{"name":"(anonymous_1)","decl":{"start":{"line":52,"column":23},"end":{"line":52,"column":24}},"loc":{"start":{"line":52,"column":32},"end":{"line":354,"column":1}},"line":52},"2":{"name":"(anonymous_2)","decl":{"start":{"line":75,"column":29},"end":{"line":75,"column":30}},"loc":{"start":{"line":76,"column":6},"end":{"line":82,"column":7}},"line":76},"3":{"name":"(anonymous_3)","decl":{"start":{"line":76,"column":29},"end":{"line":76,"column":30}},"loc":{"start":{"line":76,"column":37},"end":{"line":81,"column":7}},"line":76},"4":{"name":"(anonymous_4)","decl":{"start":{"line":85,"column":38},"end":{"line":85,"column":39}},"loc":{"start":{"line":85,"column":44},"end":{"line":114,"column":5}},"line":85},"5":{"name":"(anonymous_5)","decl":{"start":{"line":100,"column":33},"end":{"line":100,"column":34}},"loc":{"start":{"line":100,"column":45},"end":{"line":109,"column":13}},"line":100},"6":{"name":"(anonymous_6)","decl":{"start":{"line":151,"column":12},"end":{"line":151,"column":13}},"loc":{"start":{"line":151,"column":18},"end":{"line":155,"column":3}},"line":151},"7":{"name":"(anonymous_7)","decl":{"start":{"line":157,"column":36},"end":{"line":157,"column":37}},"loc":{"start":{"line":157,"column":48},"end":{"line":206,"column":3}},"line":157},"8":{"name":"(anonymous_8)","decl":{"start":{"line":208,"column":12},"end":{"line":208,"column":13}},"loc":{"start":{"line":208,"column":18},"end":{"line":210,"column":3}},"line":208},"9":{"name":"(anonymous_9)","decl":{"start":{"line":214,"column":4},"end":{"line":214,"column":5}},"loc":{"start":{"line":214,"column":52},"end":{"line":231,"column":5}},"line":214},"10":{"name":"(anonymous_10)","decl":{"start":{"line":291,"column":18},"end":{"line":291,"column":19}},"loc":{"start":{"line":291,"column":24},"end":{"line":293,"column":13}},"line":291},"11":{"name":"(anonymous_11)","decl":{"start":{"line":356,"column":35},"end":{"line":356,"column":36}},"loc":{"start":{"line":356,"column":46},"end":{"line":378,"column":1}},"line":356},"12":{"name":"(anonymous_12)","decl":{"start":{"line":366,"column":17},"end":{"line":366,"column":18}},"loc":{"start":{"line":367,"column":6},"end":{"line":375,"column":22}},"line":367}},"branchMap":{"0":{"loc":{"start":{"line":25,"column":2},"end":{"line":45,"column":3}},"type":"if","locations":[{"start":{"line":25,"column":2},"end":{"line":45,"column":3}},{"start":{"line":25,"column":2},"end":{"line":45,"column":3}}],"line":25},"1":{"loc":{"start":{"line":36,"column":27},"end":{"line":36,"column":71}},"type":"binary-expr","locations":[{"start":{"line":36,"column":27},"end":{"line":36,"column":45}},{"start":{"line":36,"column":49},"end":{"line":36,"column":71}}],"line":36},"2":{"loc":{"start":{"line":74,"column":2},"end":{"line":126,"column":3}},"type":"if","locations":[{"start":{"line":74,"column":2},"end":{"line":126,"column":3}},{"start":{"line":74,"column":2},"end":{"line":126,"column":3}}],"line":74},"3":{"loc":{"start":{"line":78,"column":8},"end":{"line":80,"column":9}},"type":"if","locations":[{"start":{"line":78,"column":8},"end":{"line":80,"column":9}},{"start":{"line":78,"column":8},"end":{"line":80,"column":9}}],"line":78},"4":{"loc":{"start":{"line":130,"column":13},"end":{"line":130,"column":47}},"type":"cond-expr","locations":[{"start":{"line":130,"column":26},"end":{"line":130,"column":42}},{"start":{"line":130,"column":45},"end":{"line":130,"column":47}}],"line":130},"5":{"loc":{"start":{"line":131,"column":15},"end":{"line":131,"column":51}},"type":"cond-expr","locations":[{"start":{"line":131,"column":28},"end":{"line":131,"column":46}},{"start":{"line":131,"column":49},"end":{"line":131,"column":51}}],"line":131},"6":{"loc":{"start":{"line":132,"column":19},"end":{"line":132,"column":59}},"type":"cond-expr","locations":[{"start":{"line":132,"column":32},"end":{"line":132,"column":54}},{"start":{"line":132,"column":57},"end":{"line":132,"column":59}}],"line":132},"7":{"loc":{"start":{"line":133,"column":16},"end":{"line":133,"column":53}},"type":"cond-expr","locations":[{"start":{"line":133,"column":29},"end":{"line":133,"column":48}},{"start":{"line":133,"column":51},"end":{"line":133,"column":53}}],"line":133},"8":{"loc":{"start":{"line":134,"column":13},"end":{"line":134,"column":47}},"type":"cond-expr","locations":[{"start":{"line":134,"column":26},"end":{"line":134,"column":42}},{"start":{"line":134,"column":45},"end":{"line":134,"column":47}}],"line":134},"9":{"loc":{"start":{"line":135,"column":12},"end":{"line":135,"column":56}},"type":"cond-expr","locations":[{"start":{"line":135,"column":25},"end":{"line":135,"column":40}},{"start":{"line":135,"column":43},"end":{"line":135,"column":56}}],"line":135},"10":{"loc":{"start":{"line":138,"column":13},"end":{"line":138,"column":38}},"type":"cond-expr","locations":[{"start":{"line":138,"column":26},"end":{"line":138,"column":30}},{"start":{"line":138,"column":33},"end":{"line":138,"column":38}}],"line":138},"11":{"loc":{"start":{"line":139,"column":15},"end":{"line":139,"column":40}},"type":"cond-expr","locations":[{"start":{"line":139,"column":28},"end":{"line":139,"column":32}},{"start":{"line":139,"column":35},"end":{"line":139,"column":40}}],"line":139},"12":{"loc":{"start":{"line":140,"column":19},"end":{"line":140,"column":44}},"type":"cond-expr","locations":[{"start":{"line":140,"column":32},"end":{"line":140,"column":36}},{"start":{"line":140,"column":39},"end":{"line":140,"column":44}}],"line":140},"13":{"loc":{"start":{"line":141,"column":16},"end":{"line":141,"column":41}},"type":"cond-expr","locations":[{"start":{"line":141,"column":29},"end":{"line":141,"column":33}},{"start":{"line":141,"column":36},"end":{"line":141,"column":41}}],"line":141},"14":{"loc":{"start":{"line":142,"column":13},"end":{"line":142,"column":38}},"type":"cond-expr","locations":[{"start":{"line":142,"column":26},"end":{"line":142,"column":30}},{"start":{"line":142,"column":33},"end":{"line":142,"column":38}}],"line":142},"15":{"loc":{"start":{"line":143,"column":12},"end":{"line":143,"column":37}},"type":"cond-expr","locations":[{"start":{"line":143,"column":25},"end":{"line":143,"column":29}},{"start":{"line":143,"column":32},"end":{"line":143,"column":37}}],"line":143},"16":{"loc":{"start":{"line":145,"column":17},"end":{"line":145,"column":42}},"type":"cond-expr","locations":[{"start":{"line":145,"column":30},"end":{"line":145,"column":34}},{"start":{"line":145,"column":37},"end":{"line":145,"column":42}}],"line":145},"17":{"loc":{"start":{"line":152,"column":4},"end":{"line":154,"column":5}},"type":"if","locations":[{"start":{"line":152,"column":4},"end":{"line":154,"column":5}},{"start":{"line":152,"column":4},"end":{"line":154,"column":5}}],"line":152},"18":{"loc":{"start":{"line":159,"column":4},"end":{"line":164,"column":5}},"type":"if","locations":[{"start":{"line":159,"column":4},"end":{"line":164,"column":5}},{"start":{"line":159,"column":4},"end":{"line":164,"column":5}}],"line":159},"19":{"loc":{"start":{"line":170,"column":6},"end":{"line":199,"column":7}},"
[...]
,"/home/sa/react_native_workspace/new_inventory/inventory_app/src/store/actions/ip.js": {"path":"/home/sa/react_native_workspace/new_inventory/inventory_app/src/store/actions/ip.js","statementMap":{"0":{"start":{"line":1,"column":25},"end":{"line":1,"column":36}},"1":{"start":{"line":2,"column":27},"end":{"line":2,"column":40}},"2":{"start":{"line":5,"column":24},"end":{"line":11,"column":1}},"3":{"start":{"line":6,"column":4},"end":{"line":9,"column":5}},"4":{"start":{"line":13,"column":26},"end":{"line":18,"column":1}},"5":{"start":{"line":14,"column":4},"end":{"line":16,"column":5}}},"fnMap":{"0":{"name":"(anonymous_0)","decl":{"start":{"line":5,"column":24},"end":{"line":5,"column":25}},"loc":{"start":{"line":5,"column":30},"end":{"line":11,"column":1}},"line":5},"1":{"name":"(anonymous_1)","decl":{"start":{"line":13,"column":26},"end":{"line":13,"column":27}},"loc":{"start":{"line":13,"column":32},"end":{"line":18,"column":1}},"line":13}},"branchMap":{},"s":{"0":1,"1":1,"2":1,"3":0,"4":1,"5":0},"f":{"0":0,"1":0},"b":{},"_coverageSchema":"1a1c01bbd47fc00a2c39e90264f33305004495a9","hash":"8693d09edfa0562bcecb0e1dedf562fbcbc27ada"}
,"/home/sa/react_native_workspace/new_inventory/inventory_app/src/store/actions/items.js": {"path":"/home/sa/react_native_workspace/new_inventory/inventory_app/src/store/actions/items.js","statementMap":{"0":{"start":{"line":1,"column":25},"end":{"line":1,"column":36}},"1":{"start":{"line":2,"column":28},"end":{"line":2,"column":42}},"2":{"start":{"line":3,"column":25},"end":{"line":3,"column":36}},"3":{"start":{"line":4,"column":27},"end":{"line":4,"column":40}},"4":{"start":{"line":9,"column":24},"end":{"line":75,"column":1}},"5":{"start":{"line":10,"column":17},"end":{"line":20,"column":5}},"6":{"start":{"line":62,"column":4},"end":{"line":73,"column":7}},"7":{"start":{"line":77,"column":26},"end":{"line":134,"column":1}},"8":{"start":{"line":121,"column":4},"end":{"line":133,"column":6}},"9":{"start":{"line":137,"column":24},"end":{"line":181,"column":1}},"10":{"start":{"line":138,"column":15},"end":{"line":138,"column":17}},"11":{"start":{"line":176,"column":4},"end":{"line":179,"column":6}},"12":{"start":{"line":185,"column":26},"end":{"line":204,"column":1}},"13":{"start":{"line":202,"column":4},"end":{"line":202,"column":47}}},"fnMap":{"0":{"name":"(anonymous_0)","decl":{"start":{"line":9,"column":24},"end":{"line":9,"column":25}},"loc":{"start":{"line":9,"column":80},"end":{"line":75,"column":1}},"line":9},"1":{"name":"(anonymous_1)","decl":{"start":{"line":77,"column":26},"end":{"line":77,"column":27}},"loc":{"start":{"line":77,"column":93},"end":{"line":134,"column":1}},"line":77},"2":{"name":"(anonymous_2)","decl":{"start":{"line":137,"column":24},"end":{"line":137,"column":25}},"loc":{"start":{"line":137,"column":30},"end":{"line":181,"column":1}},"line":137},"3":{"name":"(anonymous_3)","decl":{"start":{"line":185,"column":26},"end":{"line":185,"column":27}},"loc":{"start":{"line":185,"column":36},"end":{"line":204,"column":1}},"line":185}},"branchMap":{},"s":{"0":1,"1":1,"2":1,"3":1,"4":1,"5":0,"6":0,"7":1,"8":0,"9":1,"10":0,"11":0,"12":1,"13":0},"f":{"0":0,"1":0,"2":0,"3":0},"b":{},"_coverageSchema":"1a1c01bbd47fc00a2c39e90264f33305004495a9","hash":"73248c748f07cae179bcefe2b365d9810cd30c68"}
,"/home/sa/react_native_workspace/new_inventory/inventory_app/src/store/actions/orders.js": {"path":"/home/sa/react_native_workspace/new_inventory/inventory_app/src/store/actions/orders.js","statementMap":{"0":{"start":{"line":3,"column":25},"end":{"line":3,"column":36}},"1":{"start":{"line":4,"column":26},"end":{"line":4,"column":38}},"2":{"start":{"line":42,"column":24},"end":{"line":89,"column":1}},"3":{"start":{"line":78,"column":17},"end":{"line":78,"column":27}},"4":{"start":{"line":79,"column":4},"end":{"line":88,"column":7}}},"fnMap":{"0":{"name":"(anonymous_0)","decl":{"start":{"line":42,"column":24},"end":{"line":42,"column":25}},"loc":{"start":{"line":42,"column":39},"end":{"line":89,"column":1}},"line":42}},"branchMap":{},"s":{"0":1,"1":1,"2":1,"3":0,"4":0},"f":{"0":0},"b":{},"_coverageSchema":"1a1c01bbd47fc00a2c39e90264f33305004495a9","hash":"3d01377106777526ce0f5829222951fe2d847fce"}
,"/home/sa/react_native_workspace/new_inventory/inventory_app/src/store/reducers/auth.js": {"path":"/home/sa/react_native_workspace/new_inventory/inventory_app/src/store/reducers/auth.js","statementMap":{},"fnMap":{},"branchMap":{},"s":{},"f":{},"b":{},"_coverageSchema":"1a1c01bbd47fc00a2c39e90264f33305004495a9","hash":"ae57704f4babc426e2b03a42cfaa1acfcf58f6dc"}
,"/home/sa/react_native_workspace/new_inventory/inventory_app/src/store/reducers/cart.js": {"path":"/home/sa/react_native_workspace/new_inventory/inventory_app/src/store/reducers/cart.js","statementMap":{"0":{"start":{"line":6,"column":21},"end":{"line":8,"column":1}},"1":{"start":{"line":11,"column":4},"end":{"line":70,"column":5}},"2":{"start":{"line":13,"column":30},"end":{"line":13,"column":41}},"3":{"start":{"line":14,"column":30},"end":{"line":14,"column":45}},"4":{"start":{"line":15,"column":30},"end":{"line":15,"column":45}},"5":{"start":{"line":19,"column":12},"end":{"line":28,"column":13}},"6":{"start":{"line":21,"column":16},"end":{"line":25,"column":18}},"7":{"start":{"line":27,"column":16},"end":{"line":27,"column":91}},"8":{"start":{"line":29,"column":12},"end":{"line":33,"column":14}},"9":{"start":{"line":36,"column":37},"end":{"line":36,"column":64}},"10":{"start":{"line":37,"column":31},"end":{"line":37,"column":56}},"11":{"start":{"line":39,"column":12},"end":{"line":51,"column":13}},"12":{"start":{"line":41,"column":40},"end":{"line":46,"column":17}},"13":{"start":{"line":47,"column":16},"end":{"line":47,"column":89}},"14":{"start":{"line":49,"column":16},"end":{"line":49,"column":54}},"15":{"start":{"line":50,"column":16},"end":{"line":50,"column":56}},"16":{"start":{"line":52,"column":12},"end":{"line":56,"column":14}},"17":{"start":{"line":60,"column":12},"end":{"line":62,"column":13}},"18":{"start":{"line":61,"column":16},"end":{"line":61,"column":29}},"19":{"start":{"line":63,"column":33},"end":{"line":63,"column":51}},"20":{"start":{"line":64,"column":30},"end":{"line":64,"column":61}},"21":{"start":{"line":65,"column":12},"end":{"line":65,"column":48}},"22":{"start":{"line":66,"column":12},"end":{"line":69,"column":14}},"23":{"start":{"line":72,"column":4},"end":{"line":72,"column":17}}},"fnMap":{"0":{"name":"(anonymous_0)","decl":{"start":{"line":10,"column":15},"end":{"line":10,"column":16}},"loc":{"start":{"line":10,"column":49},"end":{"line":73,"column":1}},"line":10}},"branchMap":{"0":{"loc":{"start":{"line":10,"column":16},"end":{"line":10,"column":36}},"type":"default-arg","locations":[{"start":{"line":10,"column":24},"end":{"line":10,"column":36}}],"line":10},"1":{"loc":{"start":{"line":11,"column":4},"end":{"line":70,"column":5}},"type":"switch","locations":[{"start":{"line":12,"column":8},"end":{"line":33,"column":14}},{"start":{"line":35,"column":8},"end":{"line":56,"column":14}},{"start":{"line":59,"column":8},"end":{"line":69,"column":14}}],"line":11},"2":{"loc":{"start":{"line":19,"column":12},"end":{"line":28,"column":13}},"type":"if","locations":[{"start":{"line":19,"column":12},"end":{"line":28,"column":13}},{"start":{"line":19,"column":12},"end":{"line":28,"column":13}}],"line":19},"3":{"loc":{"start":{"line":39,"column":12},"end":{"line":51,"column":13}},"type":"if","locations":[{"start":{"line":39,"column":12},"end":{"line":51,"column":13}},{"start":{"line":39,"column":12},"end":{"line":51,"column":13}}],"line":39},"4":{"loc":{"start":{"line":60,"column":12},"end":{"line":62,"column":13}},"type":"if","locations":[{"start":{"line":60,"column":12},"end":{"line":62,"column":13}},{"start":{"line":60,"column":12},"end":{"line":62,"column":13}}],"line":60}},"s":{"0":1,"1":3,"2":0,"3":0,"4":0,"5":0,"6":0,"7":0,"8":0,"9":0,"10":0,"11":0,"12":0,"13":0,"14":0,"15":0,"16":0,"17":0,"18":0,"19":0,"20":0,"21":0,"22":0,"23":3},"f":{"0":3},"b":{"0":[3],"1":[0,0,0],"2":[0,0],"3":[0,0],"4":[0,0]},"_coverageSchema":"1a1c01bbd47fc00a2c39e90264f33305004495a9","hash":"70bd4231d36fea5e153dcce8a8160d340499e15a"}
,"/home/sa/react_native_workspace/new_inventory/inventory_app/src/store/reducers/ip.js": {"path":"/home/sa/react_native_workspace/new_inventory/inventory_app/src/store/reducers/ip.js","statementMap":{"0":{"start":{"line":2,"column":21},"end":{"line":7,"column":1}},"1":{"start":{"line":9,"column":18},"end":{"line":27,"column":1}},"2":{"start":{"line":10,"column":4},"end":{"line":25,"column":5}},"3":{"start":{"line":12,"column":12},"end":{"line":15,"column":13}},"4":{"start":{"line":17,"column":12},"end":{"line":20,"column":13}},"5":{"start":{"line":23,"column":12},"end":{"line":23,"column":25}},"6":{"start":{"line":26,"column":4},"end":{"line":26,"column":17}}},"fnMap":{"0":{"name":"(anonymous_0)","decl":{"start":{"line":9,"column":18},"end":{"line":9,"column":19}},"loc":{"start":{"line":9,"column":52},"end":{"line":27,"column":1}},"line":9}},"branchMap":{"0":{"loc":{"start":{"line":9,"column":19},"end":{"line":9,"column":39}},"type":"default-arg","locations":[{"start":{"line":9,"column":27},"end":{"line":9,"column":39}}],"line":9},"1":{"loc":{"start":{"line":10,"column":4},"end":{"line":25,"column":5}},"type":"switch","locations":[{"start":{"line":11,"column":8},"end":{"line":15,"column":13}},{"start":{"line":16,"column":8},"end":{"line":20,"column":13}},{"start":{"line":22,"column":8},"end":{"line":23,"column":25}}],"line":10}},"s":{"0":1,"1":1,"2":3,"3":0,"4":0,"5":3,"6":0},"f":{"0":3},"b":{"0":[3],"1":[0,0,3]},"_coverageSchema":"1a1c01bbd47fc00a2c39e90264f33305004495a9","hash":"aeb420c8a4a258482a3b7af784db7f661f7faf59"}
,"/home/sa/react_native_workspace/new_inventory/inventory_app/src/store/reducers/items.js": {"path":"/home/sa/react_native_workspace/new_inventory/inventory_app/src/store/reducers/items.js","statementMap":{"0":{"start":{"line":5,"column":21},"end":{"line":15,"column":1}},"1":{"start":{"line":10,"column":8},"end":{"line":12,"column":9}},"2":{"start":{"line":11,"column":12},"end":{"line":11,"column":25}},"3":{"start":{"line":13,"column":8},"end":{"line":13,"column":20}},"4":{"start":{"line":17,"column":21},"end":{"line":104,"column":1}},"5":{"start":{"line":18,"column":4},"end":{"line":102,"column":5}},"6":{"start":{"line":20,"column":12},"end":{"line":29,"column":13}},"7":{"start":{"line":24,"column":20},"end":{"line":26,"column":21}},"8":{"start":{"line":25,"column":24},"end":{"line":25,"column":37}},"9":{"start":{"line":27,"column":20},"end":{"line":27,"column":32}},"10":{"start":{"line":31,"column":31},"end":{"line":40,"column":13}},"11":{"start":{"line":41,"column":38},"end":{"line":41,"column":63}},"12":{"start":{"line":42,"column":40},"end":{"line":44,"column":13}},"13":{"start":{"line":43,"column":24},"end":{"line":43,"column":47}},"14":{"start":{"line":45,"column":12},"end":{"line":47,"column":13}},"15":{"start":{"line":46,"column":16},"end":{"line":46,"column":51}},"16":{"start":{"line":48,"column":12},"end":{"line":52,"column":14}},"17":{"start":{"line":54,"column":30},"end":{"line":56,"column":13}},"18":{"start":{"line":55,"column":24},"end":{"line":55,"column":47}},"19":{"start":{"line":57,"column":39},"end":{"line":59,"column":13}},"20":{"start":{"line":58,"column":24},"end":{"line":58,"column":47}},"21":{"start":{"line":60,"column":32},"end":{"line":70,"column":13}},"22":{"start":{"line":71,"column":33},"end":{"line":71,"column":49}},"23":{"start":{"line":72,"column":12},"end":{"line":72,"column":50}},"24":{"start":{"line":74,"column":37},"end":{"line":74,"column":62}},"25":{"start":{"line":75,"column":12},"end":{"line":83,"column":13}},"26":{"start":{"line":76,"column":16},"end":{"line":76,"column":67}},"27":{"start":{"line":78,"column":17},"end":{"line":83,"column":13}},"28":{"start":{"line":79,"column":16},"end":{"line":79,"column":50}},"29":{"start":{"line":81,"column":17},"end":{"line":83,"column":13}},"30":{"start":{"line":82,"column":16},"end":{"line":82,"column":62}},"31":{"start":{"line":84,"column":12},"end":{"line":88,"column":14}},"32":{"start":{"line":90,"column":12},"end":{"line":98,"column":14}},"33":{"start":{"line":93,"column":28},"end":{"line":93,"column":51}},"34":{"start":{"line":96,"column":28},"end":{"line":96,"column":51}},"35":{"start":{"line":100,"column":12},"end":{"line":100,"column":25}},"36":{"start":{"line":103,"column":4},"end":{"line":103,"column":17}}},"fnMap":{"0":{"name":"(anonymous_0)","decl":{"start":{"line":9,"column":33},"end":{"line":9,"column":34}},"loc":{"start":{"line":9,"column":41},"end":{"line":14,"column":5}},"line":9},"1":{"name":"(anonymous_1)","decl":{"start":{"line":17,"column":21},"end":{"line":17,"column":22}},"loc":{"start":{"line":17,"column":55},"end":{"line":104,"column":1}},"line":17},"2":{"name":"(anonymous_2)","decl":{"start":{"line":23,"column":52},"end":{"line":23,"column":53}},"loc":{"start":{"line":23,"column":60},"end":{"line":28,"column":17}},"line":23},"3":{"name":"(anonymous_3)","decl":{"start":{"line":43,"column":16},"end":{"line":43,"column":17}},"loc":{"start":{"line":43,"column":24},"end":{"line":43,"column":47}},"line":43},"4":{"name":"(anonymous_4)","decl":{"start":{"line":55,"column":16},"end":{"line":55,"column":17}},"loc":{"start":{"line":55,"column":24},"end":{"line":55,"column":47}},"line":55},"5":{"name":"(anonymous_5)","decl":{"start":{"line":58,"column":16},"end":{"line":58,"column":17}},"loc":{"start":{"line":58,"column":24},"end":{"line":58,"column":47}},"line":58},"6":{"name":"(anonymous_6)","decl":{"start":{"line":93,"column":20},"end":{"line":93,"column":21}},"loc":{"start":{"line":93,"column":28},"end":{"line":93,"column":51}},"line":93},"7":{"name":"(anonymous_7)","decl":{"start":{"line":96,"column":20},"end":{"line":96,"column":21}},"loc":{"start":{"line":96,"column":28},"end":{"line":96,"column":51}},"line":96}},"branchMap":{"0":{"loc":{"start":{"line":10,"column":8},"end":{"line":12,"column":9}},"type":"if","locations":[{"start":{"line":10,"column":8},"end":{"line":12,"column":9}},{"start":{"line":10,"column":8},"end":{"line":12,"column":9}}],"line":10},"1":{"loc":{"start":{"line":17,"column":22},"end":{"line":17,"column":42}},"type":"default-arg","locations":[{"start":{"line":17,"column":30},"end":{"line":17,"column":42}}],"line":17},"2":{"loc":{"start":{"line":18,"column":4},"end":{"line":102,"column":5}},"type":"switch","locations":[{"start":{"line":19,"column":8},"end":{"line":29,"column":13}},{"start":{"line":30,"column":8},"end":{"line":52,"column":14}},{"start":{"line":53,"column":8},"end":{"line":88,"column":14}},{"start":{"line":89,"column":8},"end":{"line":98,"column":14}},{"start":{"line":99,"column":8},"end":{"line":100,"column":25}}],"line":18},"3":{"loc":{"start":{"line":24,"column":20},"end":{"line":26,"column":21}},"type":"if","locations":[{"start":{"line":24,"column":20},"end":{"line":26,"column":21}},{"start":{"line":24,"column":20},"end":{"line":26,"column":21}}],"line":24},"4":{"loc":{"start":{"line":45,"column":12},"end":{"line":47,"column":13}},"type":"if","locations":[{"start":{"line":45,"column":12},"end":{"line":47,"column":13}},{"start":{"line":45,"column":12},"end":{"line":47,"column":13}}],"line":45},"5":{"loc":{"start":{"line":45,"column":16},"end":{"line":45,"column":74}},"type":"binary-expr","locations":[{"start":{"line":45,"column":16},"end":{"line":45,"column":45}},{"start":{"line":45,"column":49},"end":{"line":45,"column":74}}],"line":45},"6":{"loc":{"start":{"line":75,"column":12},"end":{"line":83,"column":13}},"type":"if","locations":[{"start":{"line":75,"column":12},"end":{"line":83,"column":13}},{"start":{"line":75,"column":12},"end":{"line":83,"column":13}}],"line":75},"7":{"loc":{"start":{"line":75,"column":16},"end":{"line":75,"column":72}},"type":"binary-expr","locations":[{"start":{"line":75,"column":16},"end":{"line":75,"column":45}},{"start":{"line":75,"column":49},"end":{"line":75,"column":72}}],"line":75},"8":{"loc":{"start":{"line":78,"column":17},"end":{"line":83,"column":13}},"type":"if","locations":[{"start":{"line":78,"column":17},"end":{"line":83,"column":13}},{"start":{"line":78,"column":17},"end":{"line":83,"column":13}}],"line":78},"9":{"loc":{"start":{"line":81,"column":17},"end":{"line":83,"column":13}},"type":"if","locations":[{"start":{"line":81,"column":17},"end":{"line":83,"column":13}},{"start":{"line":81,"column":17},"end":{"line":83,"column":13}}],"line":81},"10":{"loc":{"start":{"line":81,"column":21},"end":{"line":81,"column":137}},"type":"binary-expr","locations":[{"start":{"line":81,"column":21},"end":{"line":81,"column":51}},{"start":{"line":81,"column":55},"end":{"line":81,"column":78}},{"start":{"line":81,"column":82},"end":{"line":81,"column":137}}],"line":81}},"s":{"0":1,"1":9,"2":5,"3":4,"4":1,"5":3,"6":0,"7":0,"8":0,"9":0,"10":0,"11":0,"12":0,"13":0,"14":0,"15":0,"16":0,"17":0,"18":0,"19":0,"20":0,"21":0,"22":0,"23":0,"24":0,"25":0,"26":0,"27":0,"28":0,"29":0,"30":0,"31":0,"32":0,"33":0,"34":0,"35":3,"36":0},"f":{"0":9,"1":3,"2":0,"3":0,"4":0,"5":0,"6":0,"7":0},"b":{"0":[5,4],"1":[3],"2":[0,0,0,0,3],"3":[0,0],"4":[0,0],"5":[0,0],"6":[0,0],"7":[0,0],"8":[0,0],"9":[0,0],"10":[0,0,0]},"_coverageSchema":"1a1c01bbd47fc00a2c39e90264f33305004495a9","hash":"f98b0ec8904506d58db7bc5c0443c0e64036cd21"}
,"/home/sa/react_native_workspace/new_inventory/inventory_app/src/store/reducers/orders.js": {"path":"/home/sa/react_native_workspace/new_inventory/inventory_app/src/store/reducers/orders.js","statementMap":{"0":{"start":{"line":4,"column":21},"end":{"line":6,"column":1}},"1":{"start":{"line":9,"column":4},"end":{"line":24,"column":5}},"2":{"start":{"line":11,"column":12},"end":{"line":13,"column":14}},"3":{"start":{"line":15,"column":29},"end":{"line":19,"column":13}},"4":{"start":{"line":20,"column":12},"end":{"line":23,"column":14}},"5":{"start":{"line":26,"column":4},"end":{"line":26,"column":17}}},"fnMap":{"0":{"name":"(anonymous_0)","decl":{"start":{"line":8,"column":15},"end":{"line":8,"column":16}},"loc":{"start":{"line":8,"column":49},"end":{"line":27,"column":1}},"line":8}},"branchMap":{"0":{"loc":{"start":{"line":8,"column":16},"end":{"line":8,"column":36}},"type":"default-arg","locations":[{"start":{"line":8,"column":24},"end":{"line":8,"column":36}}],"line":8},"1":{"loc":{"start":{"line":9,"column":4},"end":{"line":24,"column":5}},"type":"switch","locations":[{"start":{"line":10,"column":8},"end":{"line":13,"column":14}},{"start":{"line":14,"column":8},"end":{"line":23,"column":14}}],"line":9}},"s":{"0":1,"1":3,"2":0,"3":0,"4":0,"5":3},"f":{"0":3},"b":{"0":[3],"1":[0,0]},"_coverageSchema":"1a1c01bbd47fc00a2c39e90264f33305004495a9","hash":"bea3bd07b94abcc3d9f2a0d33ee880a8d2bc3504"}
,"/home/sa/react_native_workspace/new_inventory/inventory_app/src/utility/navigationOptions.js": {"path":"/home/sa/react_native_workspace/new_inventory/inventory_app/src/utility/navigationOptions.js","statementMap":{"0":{"start":{"line":4,"column":24},"end":{"line":15,"column":1}},"1":{"start":{"line":5,"column":4},"end":{"line":13,"column":7}}},"fnMap":{"0":{"name":"(anonymous_0)","decl":{"start":{"line":4,"column":24},"end":{"line":4,"column":25}},"loc":{"start":{"line":4,"column":45},"end":{"line":15,"column":1}},"line":4}},"branchMap":{"0":{"loc":{"start":{"line":9,"column":29},"end":{"line":9,"column":81}},"type":"cond-expr","locations":[{"start":{"line":9,"column":57},"end":{"line":9,"column":76}},{"start":{"line":9,"column":79},"end":{"line":9,"column":81}}],"line":9}},"s":{"0":2,"1":2},"f":{"0":2},"b":{"0":[1,1]},"_coverageSchema":"1a1c01bbd47fc00a2c39e90264f33305004495a9","hash":"18bd698bf6457b5971ebfb459ef47521a913f0bd"}
}
