TN:
SF:App.js
FN:30,(anonymous_0)
FN:37,App
FN:43,(anonymous_2)
FNF:3
FNH:0
FNDA:0,(anonymous_0)
FNDA:0,App
FNDA:0,(anonymous_2)
DA:18,1
DA:20,1
DA:29,1
DA:30,1
DA:31,0
DA:38,0
DA:39,0
DA:40,0
DA:43,0
DA:46,0
LF:10
LH:4
BRDA:39,0,0,0
BRDA:39,0,1,0
BRF:2
BRH:0
end_of_record
TN:
SF:assets/image.png
FNF:0
FNH:0
DA:1,2
LF:1
LH:1
BRF:0
BRH:0
end_of_record
TN:
SF:assets/medicine.png
FNF:0
FNH:0
DA:1,1
LF:1
LH:1
BRF:0
BRH:0
end_of_record
TN:
SF:src/_test_/componenets/test_function.js
FN:13,(anonymous_0)
FN:17,(anonymous_1)
FN:22,(anonymous_2)
FN:24,(anonymous_3)
FN:26,(anonymous_4)
FN:29,(anonymous_5)
FN:31,(anonymous_6)
FN:35,test_function
FN:36,(anonymous_8)
FN:38,(anonymous_9)
FN:42,(anonymous_10)
FN:47,(anonymous_11)
FN:49,(anonymous_12)
FNF:13
FNH:12
FNDA:81,(anonymous_0)
FNDA:10,(anonymous_1)
FNDA:5,(anonymous_2)
FNDA:6,(anonymous_3)
FNDA:9,(anonymous_4)
FNDA:6,(anonymous_5)
FNDA:0,(anonymous_6)
FNDA:17,test_function
FNDA:17,(anonymous_8)
FNDA:32,(anonymous_9)
FNDA:17,(anonymous_10)
FNDA:15,(anonymous_11)
FNDA:41,(anonymous_12)
DA:13,28
DA:14,81
DA:17,28
DA:18,10
DA:22,28
DA:23,5
DA:24,6
DA:26,9
DA:29,28
DA:30,6
DA:31,6
DA:36,17
DA:38,17
DA:39,32
DA:42,17
DA:43,17
DA:44,17
DA:46,17
DA:47,15
DA:48,15
DA:49,15
DA:50,41
DA:52,26
DA:59,17
DA:61,8
LF:25
LH:25
BRDA:46,0,0,15
BRDA:46,0,1,2
BRDA:46,1,0,17
BRDA:46,1,1,15
BRDA:50,2,0,26
BRDA:50,2,1,15
BRDA:59,3,0,8
BRDA:59,3,1,9
BRF:8
BRH:8
end_of_record
TN:
SF:src/_test_/screens/intro/intro.js
FN:24,(anonymous_0)
FNF:1
FNH:1
FNDA:1,(anonymous_0)
DA:4,1
DA:25,1
LF:2
LH:2
BRF:0
BRH:0
end_of_record
TN:
SF:src/components/Component/ButtonWIthBackground.js
FN:11,(anonymous_0)
FNF:1
FNH:1
FNDA:23,(anonymous_0)
DA:11,3
DA:13,23
DA:25,23
DA:26,5
DA:28,18
DA:29,0
DA:35,18
DA:38,3
LF:8
LH:7
BRDA:17,0,0,5
BRDA:17,0,1,18
BRDA:20,1,0,5
BRDA:20,1,1,18
BRDA:25,2,0,5
BRDA:25,2,1,18
BRDA:28,3,0,0
BRDA:28,3,1,18
BRF:8
BRH:7
end_of_record
TN:
SF:src/components/Component/Card.js
FN:4,(anonymous_0)
FNF:1
FNH:1
FNDA:20,(anonymous_0)
DA:4,9
DA:5,20
DA:8,9
LF:3
LH:3
BRF:0
BRH:0
end_of_record
TN:
SF:src/components/Component/CustomButton.js
FN:3,(anonymous_0)
FNF:1
FNH:1
FNDA:4,(anonymous_0)
DA:3,4
DA:4,4
LF:2
LH:2
BRDA:5,0,0,2
BRDA:5,0,1,2
BRF:2
BRH:2
end_of_record
TN:
SF:src/components/Component/DefaultInput.js
FN:4,(anonymous_0)
FNF:1
FNH:1
FNDA:24,(anonymous_0)
DA:4,3
DA:5,24
DA:12,3
LF:3
LH:3
BRDA:8,0,0,0
BRDA:8,0,1,24
BRDA:8,1,0,24
BRDA:8,1,1,21
BRF:4
BRH:3
end_of_record
TN:
SF:src/components/Component/DefaultText.js
FN:4,(anonymous_0)
FNF:1
FNH:1
FNDA:6,(anonymous_0)
DA:4,3
DA:5,6
DA:8,3
LF:3
LH:3
BRF:0
BRH:0
end_of_record
TN:
SF:src/components/Component/HeaderButton.js
FN:7,(anonymous_0)
FNF:1
FNH:0
FNDA:0,(anonymous_0)
DA:7,6
DA:8,0
LF:2
LH:1
BRDA:11,0,0,0
BRDA:11,0,1,0
BRF:2
BRH:0
end_of_record
TN:
SF:src/components/Component/HeadingText.js
FN:4,(anonymous_0)
FNF:1
FNH:1
FNDA:4,(anonymous_0)
DA:4,3
DA:5,4
DA:10,3
LF:3
LH:3
BRF:0
BRH:0
end_of_record
TN:
SF:src/components/Component/IconButton.js
FN:13,(anonymous_0)
FNF:1
FNH:1
FNDA:2,(anonymous_0)
DA:13,2
DA:15,2
DA:16,2
DA:17,0
DA:19,2
DA:38,2
LF:6
LH:5
BRDA:16,0,0,0
BRDA:16,0,1,2
BRDA:16,1,0,2
BRDA:16,1,1,0
BRDA:46,2,0,0
BRDA:46,2,1,2
BRDA:46,3,0,2
BRDA:46,3,1,0
BRF:8
BRH:4
end_of_record
TN:
SF:src/components/Component/InventoryItem.js
FN:21,(anonymous_0)
FN:22,(anonymous_1)
FN:32,(anonymous_2)
FN:34,(anonymous_3)
FN:40,(anonymous_4)
FN:43,(anonymous_5)
FN:55,(anonymous_6)
FN:122,(anonymous_7)
FN:149,(anonymous_8)
FN:152,(anonymous_9)
FNF:10
FNH:10
FNDA:8,(anonymous_0)
FNDA:10,(anonymous_1)
FNDA:3,(anonymous_2)
FNDA:6,(anonymous_3)
FNDA:1,(anonymous_4)
FNDA:1,(anonymous_5)
FNDA:1,(anonymous_6)
FNDA:1,(anonymous_7)
FNDA:1,(anonymous_8)
FNDA:3,(anonymous_9)
DA:21,3
DA:22,8
DA:23,10
DA:26,8
DA:27,8
DA:28,8
DA:29,8
DA:32,8
DA:34,6
DA:35,3
DA:36,3
DA:38,3
DA:40,8
DA:41,1
DA:43,8
DA:45,1
DA:46,1
DA:48,1
DA:50,1
DA:52,0
DA:55,8
DA:56,1
DA:58,8
DA:122,1
DA:149,1
DA:153,3
DA:170,3
LF:27
LH:26
BRDA:48,0,0,1
BRDA:48,0,1,0
BRF:2
BRH:1
end_of_record
TN:
SF:src/components/Component/MainButton.js
FN:5,(anonymous_0)
FNF:1
FNH:1
FNDA:2,(anonymous_0)
DA:5,6
DA:6,2
DA:14,6
LF:3
LH:3
BRF:0
BRH:0
end_of_record
TN:
SF:src/components/Component/MainText.js
FN:4,(anonymous_0)
FNF:1
FNH:1
FNDA:4,(anonymous_0)
DA:4,3
DA:5,4
DA:8,3
LF:3
LH:3
BRF:0
BRH:0
end_of_record
TN:
SF:src/components/Component/ManageItem.js
FN:5,(anonymous_0)
FNF:1
FNH:1
FNDA:3,(anonymous_0)
DA:5,3
DA:6,3
DA:8,3
DA:10,3
DA:26,3
LF:5
LH:5
BRDA:8,0,0,0
BRDA:8,0,1,3
BRF:2
BRH:1
end_of_record
TN:
SF:src/components/Component/ModalComponent.js
FN:7,(anonymous_0)
FNF:1
FNH:1
FNDA:7,(anonymous_0)
DA:7,3
DA:8,7
LF:2
LH:2
BRF:0
BRH:0
end_of_record
TN:
SF:src/components/Component/testInput.js
FN:6,(anonymous_0)
FNF:1
FNH:1
FNDA:4,(anonymous_0)
DA:6,5
DA:7,4
DA:15,4
DA:16,1
DA:39,4
DA:48,5
LF:6
LH:6
BRDA:15,0,0,1
BRDA:15,0,1,3
BRF:2
BRH:2
end_of_record
TN:
SF:src/components/UI/CartItem.js
FN:10,(anonymous_0)
FNF:1
FNH:1
FNDA:8,(anonymous_0)
DA:10,4
DA:11,8
DA:40,4
LF:3
LH:3
BRDA:23,0,0,8
BRDA:23,0,1,5
BRF:2
BRH:2
end_of_record
TN:
SF:src/components/UI/CategroyGridTile.js
FN:7,(anonymous_0)
FNF:1
FNH:1
FNDA:4,(anonymous_0)
DA:7,2
DA:8,4
DA:9,4
DA:10,0
DA:12,4
DA:13,4
DA:15,1
DA:19,3
DA:22,4
DA:38,2
LF:10
LH:9
BRDA:9,0,0,0
BRDA:9,0,1,4
BRDA:9,1,0,4
BRDA:9,1,1,0
BRDA:13,2,0,1
BRDA:13,2,1,3
BRDA:44,3,0,0
BRDA:44,3,1,2
BRDA:44,4,0,2
BRDA:44,4,1,0
BRF:10
BRH:6
end_of_record
TN:
SF:src/components/UI/Input.js
FN:7,(anonymous_0)
FN:23,(anonymous_1)
FN:31,(anonymous_2)
FN:36,(anonymous_3)
FN:54,(anonymous_4)
FNF:5
FNH:0
FNDA:0,(anonymous_0)
FNDA:0,(anonymous_1)
FNDA:0,(anonymous_2)
FNDA:0,(anonymous_3)
FNDA:0,(anonymous_4)
DA:5,4
DA:7,4
DA:8,0
DA:10,0
DA:17,0
DA:23,4
DA:24,0
DA:30,0
DA:31,0
DA:32,0
DA:36,0
DA:37,0
DA:38,0
DA:39,0
DA:42,0
DA:43,0
DA:45,0
DA:46,0
DA:48,0
DA:49,0
DA:51,0
DA:54,0
DA:55,0
DA:56,0
DA:59,0
DA:62,0
DA:80,4
LF:27
LH:4
BRDA:8,0,0,0
BRDA:8,0,1,0
BRDA:25,1,0,0
BRDA:25,1,1,0
BRDA:38,2,0,0
BRDA:38,2,1,0
BRDA:38,3,0,0
BRDA:38,3,1,0
BRDA:42,4,0,0
BRDA:42,4,1,0
BRDA:42,5,0,0
BRDA:42,5,1,0
BRDA:45,6,0,0
BRDA:45,6,1,0
BRDA:45,7,0,0
BRDA:45,7,1,0
BRDA:48,8,0,0
BRDA:48,8,1,0
BRDA:48,9,0,0
BRDA:48,9,1,0
BRDA:55,10,0,0
BRDA:55,10,1,0
BRDA:71,11,0,0
BRDA:71,11,1,0
BRF:24
BRH:0
end_of_record
TN:
SF:src/components/UI/ItemList.js
FN:5,(anonymous_0)
FN:7,(anonymous_1)
FN:18,(anonymous_2)
FN:37,(anonymous_3)
FNF:4
FNH:3
FNDA:3,(anonymous_0)
FNDA:1,(anonymous_1)
FNDA:1,(anonymous_2)
FNDA:0,(anonymous_3)
DA:5,2
DA:7,3
DA:9,1
DA:20,1
DA:32,3
DA:37,0
DA:45,2
LF:7
LH:6
BRF:0
BRH:0
end_of_record
TN:
SF:src/components/UI/ManageList.js
FN:5,(anonymous_0)
FN:7,(anonymous_1)
FN:18,(anonymous_2)
FN:42,(anonymous_3)
FNF:4
FNH:3
FNDA:3,(anonymous_0)
FNDA:1,(anonymous_1)
FNDA:1,(anonymous_2)
FNDA:0,(anonymous_3)
DA:5,2
DA:7,3
DA:10,1
DA:19,1
DA:31,3
DA:42,0
DA:50,2
LF:7
LH:6
BRF:0
BRH:0
end_of_record
TN:
SF:src/components/UI/OrderItem.js
FN:8,(anonymous_0)
FN:26,(anonymous_1)
FNF:2
FNH:2
FNDA:3,(anonymous_0)
FNDA:3,(anonymous_1)
DA:8,2
DA:11,3
DA:27,3
DA:39,2
LF:4
LH:4
BRF:0
BRH:0
end_of_record
TN:
SF:src/constants/Colors.js
FNF:0
FNH:0
LF:0
LH:0
BRF:0
BRH:0
end_of_record
TN:
SF:src/data/dummy-data.js
FNF:0
FNH:0
DA:6,2
DA:25,2
DA:35,2
DA:152,2
LF:4
LH:4
BRF:0
BRH:0
end_of_record
TN:
SF:src/models/cart-items.js
FN:2,(anonymous_0)
FNF:1
FNH:0
FNDA:0,(anonymous_0)
DA:3,0
DA:4,0
DA:5,0
LF:3
LH:0
BRF:0
BRH:0
end_of_record
TN:
SF:src/models/category.js
FN:2,(anonymous_0)
FNF:1
FNH:1
FNDA:12,(anonymous_0)
DA:3,12
DA:4,12
DA:5,12
DA:6,12
LF:4
LH:4
BRF:0
BRH:0
end_of_record
TN:
SF:src/models/contact.js
FN:2,(anonymous_0)
FNF:1
FNH:1
FNDA:12,(anonymous_0)
DA:4,12
DA:5,12
DA:6,12
DA:7,12
LF:4
LH:4
BRF:0
BRH:0
end_of_record
TN:
SF:src/models/item.js
FN:2,(anonymous_0)
FNF:1
FNH:1
FNDA:36,(anonymous_0)
DA:4,36
DA:5,36
DA:6,36
DA:7,36
DA:8,36
DA:9,36
DA:10,36
DA:11,36
LF:8
LH:8
BRF:0
BRH:0
end_of_record
TN:
SF:src/models/order.js
FN:4,(anonymous_0)
FN:10,(anonymous_1)
FNF:2
FNH:0
FNDA:0,(anonymous_0)
FNDA:0,(anonymous_1)
DA:5,0
DA:6,0
DA:7,0
DA:11,0
LF:4
LH:0
BRF:0
BRH:0
end_of_record
TN:
SF:src/models/type.js
FN:3,(anonymous_0)
FNF:1
FNH:1
FNDA:8,(anonymous_0)
DA:4,8
DA:5,8
DA:6,8
DA:7,8
LF:4
LH:4
BRF:0
BRH:0
end_of_record
TN:
SF:src/navigation/InventoryNavigator.js
FN:78,(anonymous_0)
FN:87,(anonymous_1)
FN:101,(anonymous_2)
FN:120,(anonymous_3)
FN:137,(anonymous_4)
FN:142,(anonymous_5)
FN:167,(anonymous_6)
FN:186,(anonymous_7)
FN:216,(anonymous_8)
FNF:9
FNH:1
FNDA:0,(anonymous_0)
FNDA:0,(anonymous_1)
FNDA:0,(anonymous_2)
FNDA:0,(anonymous_3)
FNDA:2,(anonymous_4)
FNDA:0,(anonymous_5)
FNDA:0,(anonymous_6)
FNDA:0,(anonymous_7)
FNDA:0,(anonymous_8)
DA:29,1
DA:42,1
DA:62,1
DA:74,1
DA:79,0
DA:88,0
DA:96,1
DA:102,0
DA:121,0
DA:137,1
DA:138,2
DA:143,0
DA:158,1
DA:163,1
DA:168,0
DA:182,1
DA:187,0
DA:201,1
DA:204,1
DA:217,0
DA:240,1
LF:21
LH:13
BRDA:31,0,0,0
BRDA:31,0,1,1
BRDA:39,1,0,0
BRDA:39,1,1,1
BRDA:96,2,0,0
BRDA:96,2,1,1
BRDA:103,3,0,0
BRDA:103,3,1,0
BRDA:122,4,0,0
BRDA:122,4,1,0
BRDA:144,5,0,0
BRDA:144,5,1,0
BRDA:169,6,0,0
BRDA:169,6,1,0
BRDA:188,7,0,0
BRDA:188,7,1,0
BRF:16
BRH:3
end_of_record
TN:
SF:src/screens/AddScreen.js
FN:24,(anonymous_0)
FN:48,(anonymous_1)
FN:50,(anonymous_2)
FN:102,(anonymous_3)
FN:117,(anonymous_4)
FN:126,(anonymous_5)
FN:164,(anonymous_6)
FN:207,(anonymous_7)
FNF:8
FNH:0
FNDA:0,(anonymous_0)
FNDA:0,(anonymous_1)
FNDA:0,(anonymous_2)
FNDA:0,(anonymous_3)
FNDA:0,(anonymous_4)
FNDA:0,(anonymous_5)
FNDA:0,(anonymous_6)
FNDA:0,(anonymous_7)
DA:22,1
DA:24,1
DA:25,0
DA:26,0
DA:30,0
DA:34,0
DA:35,0
DA:36,0
DA:38,0
DA:44,0
DA:48,1
DA:50,0
DA:51,0
DA:54,0
DA:55,0
DA:86,0
DA:102,0
DA:104,0
DA:105,0
DA:108,0
DA:113,0
DA:114,0
DA:117,0
DA:119,0
DA:120,0
DA:125,0
DA:127,0
DA:128,0
DA:129,0
DA:131,0
DA:132,0
DA:133,0
DA:136,0
DA:146,0
DA:165,0
DA:207,1
DA:208,0
DA:211,1
DA:229,1
LF:39
LH:6
BRDA:25,0,0,0
BRDA:25,0,1,0
BRDA:36,1,0,0
BRDA:36,1,1,0
BRDA:92,2,0,0
BRDA:92,2,1,0
BRDA:93,3,0,0
BRDA:93,3,1,0
BRDA:95,4,0,0
BRDA:95,4,1,0
BRDA:104,5,0,0
BRDA:104,5,1,0
BRDA:113,6,0,0
BRDA:113,6,1,0
BRDA:113,7,0,0
BRDA:113,7,1,0
BRDA:129,8,0,0
BRDA:129,8,1,0
BRF:18
BRH:0
end_of_record
TN:
SF:src/screens/AuthScreen.js
FN:58,(anonymous_0)
FN:63,(anonymous_1)
FN:69,(anonymous_2)
FN:77,(anonymous_3)
FN:85,(anonymous_4)
FN:95,(anonymous_5)
FN:117,(anonymous_6)
FN:146,(anonymous_7)
FN:155,(anonymous_8)
FN:168,(anonymous_9)
FN:171,(anonymous_10)
FN:179,(anonymous_11)
FN:182,(anonymous_12)
FN:216,(anonymous_13)
FN:243,(anonymous_14)
FN:269,(anonymous_15)
FN:295,(anonymous_16)
FN:380,(anonymous_17)
FN:382,(anonymous_18)
FN:383,(anonymous_19)
FN:384,(anonymous_20)
FN:385,(anonymous_21)
FN:386,(anonymous_22)
FN:390,(anonymous_23)
FNF:24
FNH:20
FNDA:2,(anonymous_0)
FNDA:0,(anonymous_1)
FNDA:0,(anonymous_2)
FNDA:2,(anonymous_3)
FNDA:2,(anonymous_4)
FNDA:2,(anonymous_5)
FNDA:2,(anonymous_6)
FNDA:2,(anonymous_7)
FNDA:4,(anonymous_8)
FNDA:0,(anonymous_9)
FNDA:1,(anonymous_10)
FNDA:2,(anonymous_11)
FNDA:6,(anonymous_12)
FNDA:2,(anonymous_13)
FNDA:1,(anonymous_14)
FNDA:0,(anonymous_15)
FNDA:1,(anonymous_16)
FNDA:2,(anonymous_17)
FNDA:1,(anonymous_18)
FNDA:1,(anonymous_19)
FNDA:2,(anonymous_20)
FNDA:1,(anonymous_21)
FNDA:1,(anonymous_22)
FNDA:2,(anonymous_23)
DA:26,2
DA:59,2
DA:60,2
DA:64,0
DA:69,2
DA:70,0
DA:77,2
DA:83,2
DA:85,2
DA:86,2
DA:87,1
DA:91,1
DA:95,2
DA:96,2
DA:97,2
DA:98,1
DA:99,1
DA:100,1
DA:105,2
DA:106,1
DA:111,2
DA:112,1
DA:117,2
DA:118,2
DA:147,2
DA:148,2
DA:149,2
DA:156,4
DA:157,4
DA:158,0
DA:159,0
DA:168,2
DA:169,0
DA:171,2
DA:173,1
DA:174,1
DA:175,1
DA:179,2
DA:180,2
DA:184,6
DA:185,6
DA:187,6
DA:188,2
DA:194,6
DA:195,6
DA:196,6
DA:197,6
DA:198,6
DA:199,6
DA:208,6
DA:209,6
DA:210,6
DA:216,2
DA:228,6
DA:229,6
DA:230,4
DA:243,1
DA:251,6
DA:269,0
DA:295,1
DA:322,2
DA:380,2
DA:381,2
DA:382,1
DA:383,1
DA:384,2
DA:385,1
DA:386,1
DA:390,2
DA:391,2
LF:70
LH:64
BRDA:28,0,0,2
BRDA:28,0,1,0
BRDA:71,1,0,0
BRDA:71,1,1,0
BRDA:86,2,0,1
BRDA:86,2,1,1
BRDA:97,3,0,1
BRDA:97,3,1,1
BRDA:105,4,0,1
BRDA:105,4,1,1
BRDA:111,5,0,1
BRDA:111,5,1,1
BRDA:124,6,0,1
BRDA:124,6,1,1
BRDA:157,7,0,0
BRDA:157,7,1,4
BRDA:157,8,0,4
BRDA:157,8,1,0
BRDA:173,9,0,1
BRDA:173,9,1,0
BRDA:187,10,0,2
BRDA:187,10,1,4
BRDA:187,11,0,6
BRDA:187,11,1,6
BRDA:197,12,0,6
BRDA:197,12,1,0
BRDA:208,13,0,6
BRDA:208,13,1,0
BRDA:229,14,0,4
BRDA:229,14,1,2
BRDA:233,15,0,4
BRDA:233,15,1,0
BRDA:262,16,0,2
BRDA:262,16,1,4
BRDA:276,17,0,6
BRDA:276,17,1,0
BRDA:276,18,0,6
BRDA:276,18,1,0
BRDA:284,19,0,6
BRDA:284,19,1,0
BRDA:284,20,0,6
BRDA:284,20,1,0
BRDA:315,21,0,2
BRDA:315,21,1,4
BRF:44
BRH:31
end_of_record
TN:
SF:src/screens/CartScreen.js
FN:21,(anonymous_0)
FN:23,(anonymous_1)
FN:34,(anonymous_2)
FN:42,(anonymous_3)
FN:50,(anonymous_4)
FN:62,(anonymous_5)
FN:63,(anonymous_6)
FN:68,(anonymous_7)
FN:96,(anonymous_8)
FN:105,(anonymous_9)
FN:107,(anonymous_10)
FNF:11
FNH:11
FNDA:2,(anonymous_0)
FNDA:3,(anonymous_1)
FNDA:3,(anonymous_2)
FNDA:1,(anonymous_3)
FNDA:1,(anonymous_4)
FNDA:4,(anonymous_5)
FNDA:4,(anonymous_6)
FNDA:1,(anonymous_7)
FNDA:1,(anonymous_8)
FNDA:1,(anonymous_9)
FNDA:1,(anonymous_10)
DA:21,2
DA:22,2
DA:23,2
DA:24,3
DA:25,3
DA:26,6
DA:34,3
DA:35,3
DA:39,2
DA:42,2
DA:44,1
DA:46,1
DA:50,2
DA:51,1
DA:53,2
DA:62,4
DA:64,4
DA:69,1
DA:96,2
DA:97,1
DA:106,1
DA:108,1
DA:115,2
LF:23
LH:23
BRDA:35,0,0,0
BRDA:35,0,1,3
BRDA:56,1,0,2
BRDA:56,1,1,0
BRDA:100,2,0,0
BRDA:100,2,1,1
BRF:6
BRH:3
end_of_record
TN:
SF:src/screens/CategoriesScreen.js
FN:12,(anonymous_0)
FN:18,(anonymous_1)
FN:24,(anonymous_2)
FN:60,(anonymous_3)
FN:70,(anonymous_4)
FN:79,(anonymous_5)
FN:81,(anonymous_6)
FNF:7
FNH:0
FNDA:0,(anonymous_0)
FNDA:0,(anonymous_1)
FNDA:0,(anonymous_2)
FNDA:0,(anonymous_3)
FNDA:0,(anonymous_4)
FNDA:0,(anonymous_5)
FNDA:0,(anonymous_6)
DA:12,1
DA:13,0
DA:18,0
DA:19,0
DA:25,0
DA:26,0
DA:28,0
DA:29,0
DA:31,0
DA:32,0
DA:34,0
DA:35,0
DA:37,0
DA:38,0
DA:40,0
DA:41,0
DA:43,0
DA:45,0
DA:58,0
DA:61,0
DA:70,1
DA:71,0
DA:80,0
DA:82,0
DA:95,1
LF:25
LH:3
BRDA:26,0,0,0
BRDA:26,0,1,0
BRDA:26,0,2,0
BRDA:26,0,3,0
BRDA:26,0,4,0
BRDA:26,0,5,0
BRDA:74,1,0,0
BRDA:74,1,1,0
BRF:8
BRH:0
end_of_record
TN:
SF:src/screens/EditItemScreen.js
FN:24,(anonymous_0)
FN:52,(anonymous_1)
FN:75,(anonymous_2)
FN:76,(anonymous_3)
FN:85,(anonymous_4)
FN:100,(anonymous_5)
FN:151,(anonymous_6)
FN:157,(anonymous_7)
FN:208,(anonymous_8)
FN:214,(anonymous_9)
FN:291,(anonymous_10)
FN:356,(anonymous_11)
FN:366,(anonymous_12)
FNF:13
FNH:0
FNDA:0,(anonymous_0)
FNDA:0,(anonymous_1)
FNDA:0,(anonymous_2)
FNDA:0,(anonymous_3)
FNDA:0,(anonymous_4)
FNDA:0,(anonymous_5)
FNDA:0,(anonymous_6)
FNDA:0,(anonymous_7)
FNDA:0,(anonymous_8)
FNDA:0,(anonymous_9)
FNDA:0,(anonymous_10)
FNDA:0,(anonymous_11)
FNDA:0,(anonymous_12)
DA:22,1
DA:24,1
DA:25,0
DA:26,0
DA:30,0
DA:34,0
DA:35,0
DA:36,0
DA:39,0
DA:46,0
DA:52,1
DA:53,0
DA:54,0
DA:55,0
DA:56,0
DA:58,0
DA:59,0
DA:60,0
DA:74,0
DA:75,0
DA:76,0
DA:78,0
DA:79,0
DA:85,0
DA:87,0
DA:91,0
DA:101,0
DA:102,0
DA:103,0
DA:104,0
DA:105,0
DA:107,0
DA:116,0
DA:128,0
DA:151,0
DA:152,0
DA:153,0
DA:157,0
DA:159,0
DA:160,0
DA:163,0
DA:166,0
DA:167,0
DA:169,0
DA:170,0
DA:174,0
DA:188,0
DA:200,0
DA:202,0
DA:204,0
DA:208,0
DA:209,0
DA:212,0
DA:215,0
DA:216,0
DA:218,0
DA:219,0
DA:220,0
DA:221,0
DA:225,0
DA:238,0
DA:239,0
DA:246,0
DA:292,0
DA:356,1
DA:357,0
DA:358,0
DA:367,0
DA:380,1
DA:395,1
LF:70
LH:6
BRDA:25,0,0,0
BRDA:25,0,1,0
BRDA:36,1,0,0
BRDA:36,1,1,0
BRDA:74,2,0,0
BRDA:74,2,1,0
BRDA:78,3,0,0
BRDA:78,3,1,0
BRDA:130,4,0,0
BRDA:130,4,1,0
BRDA:131,5,0,0
BRDA:131,5,1,0
BRDA:132,6,0,0
BRDA:132,6,1,0
BRDA:133,7,0,0
BRDA:133,7,1,0
BRDA:134,8,0,0
BRDA:134,8,1,0
BRDA:135,9,0,0
BRDA:135,9,1,0
BRDA:138,10,0,0
BRDA:138,10,1,0
BRDA:139,11,0,0
BRDA:139,11,1,0
BRDA:140,12,0,0
BRDA:140,12,1,0
BRDA:141,13,0,0
BRDA:141,13,1,0
BRDA:142,14,0,0
BRDA:142,14,1,0
BRDA:143,15,0,0
BRDA:143,15,1,0
BRDA:145,16,0,0
BRDA:145,16,1,0
BRDA:152,17,0,0
BRDA:152,17,1,0
BRDA:159,18,0,0
BRDA:159,18,1,0
BRDA:170,19,0,0
BRDA:170,19,1,0
BRDA:218,20,0,0
BRDA:218,20,1,0
BRDA:238,21,0,0
BRDA:238,21,1,0
BRDA:263,22,0,0
BRDA:263,22,1,0
BRDA:275,23,0,0
BRDA:275,23,1,0
BRDA:287,24,0,0
BRDA:287,24,1,0
BRDA:288,25,0,0
BRDA:288,25,1,0
BRDA:316,26,0,0
BRDA:316,26,1,0
BRDA:329,27,0,0
BRDA:329,27,1,0
BRDA:342,28,0,0
BRDA:342,28,1,0
BRDA:361,29,0,0
BRDA:361,29,1,0
BRDA:371,30,0,0
BRDA:371,30,1,0
BRF:62
BRH:0
end_of_record
TN:
SF:src/screens/ItemCategoryScreen.js
FN:12,(anonymous_0)
FN:18,(anonymous_1)
FN:24,(anonymous_2)
FN:44,(anonymous_3)
FN:54,(anonymous_4)
FN:63,(anonymous_5)
FN:64,(anonymous_6)
FNF:7
FNH:0
FNDA:0,(anonymous_0)
FNDA:0,(anonymous_1)
FNDA:0,(anonymous_2)
FNDA:0,(anonymous_3)
FNDA:0,(anonymous_4)
FNDA:0,(anonymous_5)
FNDA:0,(anonymous_6)
DA:12,1
DA:13,0
DA:18,0
DA:19,0
DA:26,0
DA:27,0
DA:42,0
DA:45,0
DA:54,1
DA:55,0
DA:64,0
DA:66,0
DA:73,1
LF:13
LH:3
BRDA:58,0,0,0
BRDA:58,0,1,0
BRF:2
BRH:0
end_of_record
TN:
SF:src/screens/ItemDetailScreen.js
FN:22,(anonymous_0)
FN:24,(anonymous_1)
FN:25,(anonymous_2)
FN:42,(anonymous_3)
FNF:4
FNH:3
FNDA:1,(anonymous_0)
FNDA:2,(anonymous_1)
FNDA:2,(anonymous_2)
FNDA:0,(anonymous_3)
DA:22,2
DA:23,1
DA:24,2
DA:25,2
DA:26,1
DA:28,1
DA:42,2
DA:43,0
DA:44,0
DA:46,2
LF:10
LH:8
BRF:0
BRH:0
end_of_record
TN:
SF:src/screens/ItemListScreen.js
FN:12,(anonymous_0)
FN:22,(anonymous_1)
FN:28,(anonymous_2)
FN:29,(anonymous_3)
FN:37,(anonymous_4)
FN:44,(anonymous_5)
FN:46,(anonymous_6)
FN:67,(anonymous_7)
FN:87,(anonymous_8)
FN:94,(anonymous_9)
FN:101,(anonymous_10)
FNF:11
FNH:0
FNDA:0,(anonymous_0)
FNDA:0,(anonymous_1)
FNDA:0,(anonymous_2)
FNDA:0,(anonymous_3)
FNDA:0,(anonymous_4)
FNDA:0,(anonymous_5)
FNDA:0,(anonymous_6)
FNDA:0,(anonymous_7)
FNDA:0,(anonymous_8)
FNDA:0,(anonymous_9)
FNDA:0,(anonymous_10)
DA:12,1
DA:14,0
DA:15,0
DA:16,0
DA:17,0
DA:19,0
DA:20,0
DA:22,0
DA:23,0
DA:25,0
DA:27,0
DA:28,0
DA:29,0
DA:30,0
DA:31,0
DA:33,0
DA:35,0
DA:37,0
DA:39,0
DA:41,0
DA:44,0
DA:46,0
DA:48,0
DA:49,0
DA:50,0
DA:52,0
DA:53,0
DA:57,0
DA:67,0
DA:87,1
DA:88,0
DA:89,0
DA:95,0
DA:101,0
DA:110,1
LF:35
LH:3
BRDA:20,0,0,0
BRDA:20,0,1,0
BRDA:20,0,2,0
BRDA:20,0,3,0
BRDA:30,1,0,0
BRDA:30,1,1,0
BRDA:48,2,0,0
BRDA:48,2,1,0
BRDA:63,3,0,0
BRDA:63,3,1,0
BRDA:77,4,0,0
BRDA:77,4,1,0
BRDA:92,5,0,0
BRDA:92,5,1,0
BRDA:99,6,0,0
BRDA:99,6,1,0
BRF:16
BRH:0
end_of_record
TN:
SF:src/screens/LogsScreen.js
FN:9,(anonymous_0)
FN:22,(anonymous_1)
FNF:2
FNH:2
FNDA:1,(anonymous_0)
FNDA:1,(anonymous_1)
DA:9,2
DA:11,1
DA:22,2
DA:23,1
LF:4
LH:4
BRF:0
BRH:0
end_of_record
TN:
SF:src/screens/ManageItemScreen.js
FN:10,(anonymous_0)
FN:11,(anonymous_1)
FN:15,(anonymous_2)
FN:17,(anonymous_3)
FN:34,(anonymous_4)
FN:50,(anonymous_5)
FNF:6
FNH:0
FNDA:0,(anonymous_0)
FNDA:0,(anonymous_1)
FNDA:0,(anonymous_2)
FNDA:0,(anonymous_3)
FNDA:0,(anonymous_4)
FNDA:0,(anonymous_5)
DA:10,1
DA:11,0
DA:12,0
DA:13,0
DA:15,0
DA:17,0
DA:19,0
DA:20,0
DA:21,0
DA:23,0
DA:24,0
DA:26,0
DA:34,0
DA:50,1
DA:51,0
DA:53,1
LF:16
LH:3
BRDA:19,0,0,0
BRDA:19,0,1,0
BRDA:30,1,0,0
BRDA:30,1,1,0
BRDA:43,2,0,0
BRDA:43,2,1,0
BRF:6
BRH:0
end_of_record
TN:
SF:src/screens/OrderListScreen.js
FN:18,(anonymous_0)
FN:21,(anonymous_1)
FN:50,(anonymous_2)
FN:51,(anonymous_3)
FN:62,(anonymous_4)
FN:71,(anonymous_5)
FN:76,(anonymous_6)
FNF:7
FNH:0
FNDA:0,(anonymous_0)
FNDA:0,(anonymous_1)
FNDA:0,(anonymous_2)
FNDA:0,(anonymous_3)
FNDA:0,(anonymous_4)
FNDA:0,(anonymous_5)
FNDA:0,(anonymous_6)
DA:18,1
DA:21,0
DA:39,0
DA:40,0
DA:47,0
DA:50,0
DA:52,0
DA:62,1
DA:63,0
DA:72,0
DA:77,0
DA:85,1
LF:12
LH:3
BRDA:39,0,0,0
BRDA:39,0,1,0
BRDA:66,1,0,0
BRDA:66,1,1,0
BRDA:75,2,0,0
BRDA:75,2,1,0
BRF:6
BRH:0
end_of_record
TN:
SF:src/screens/OrderScreen.js
FN:8,(anonymous_0)
FN:9,(anonymous_1)
FN:24,(anonymous_2)
FN:28,(anonymous_3)
FN:34,(anonymous_4)
FNF:5
FNH:3
FNDA:1,(anonymous_0)
FNDA:1,(anonymous_1)
FNDA:0,(anonymous_2)
FNDA:0,(anonymous_3)
FNDA:1,(anonymous_4)
DA:8,2
DA:9,1
DA:10,1
DA:11,1
DA:12,1
DA:14,1
DA:24,0
DA:34,2
DA:35,1
DA:38,2
LF:10
LH:9
BRDA:11,0,0,1
BRDA:11,0,1,0
BRF:2
BRH:1
end_of_record
TN:
SF:src/screens/ReceivedItemScreen.js
FN:19,(anonymous_0)
FN:40,(anonymous_1)
FN:57,(anonymous_2)
FN:74,(anonymous_3)
FN:75,(anonymous_4)
FN:100,(anonymous_5)
FNF:6
FNH:0
FNDA:0,(anonymous_0)
FNDA:0,(anonymous_1)
FNDA:0,(anonymous_2)
FNDA:0,(anonymous_3)
FNDA:0,(anonymous_4)
FNDA:0,(anonymous_5)
DA:19,1
DA:21,0
DA:22,0
DA:23,0
DA:39,0
DA:40,0
DA:41,0
DA:52,0
DA:53,0
DA:57,0
DA:58,0
DA:61,0
DA:62,0
DA:69,0
DA:74,0
DA:76,0
DA:100,1
DA:101,0
DA:123,1
LF:19
LH:3
BRDA:61,0,0,0
BRDA:61,0,1,0
BRDA:104,1,0,0
BRDA:104,1,1,0
BRF:4
BRH:0
end_of_record
TN:
SF:src/screens/ScannerScreen.js
FN:10,(anonymous_0)
FN:16,(anonymous_1)
FN:17,(anonymous_2)
FN:23,(anonymous_3)
FN:73,(anonymous_4)
FN:78,(anonymous_5)
FNF:6
FNH:0
FNDA:0,(anonymous_0)
FNDA:0,(anonymous_1)
FNDA:0,(anonymous_2)
FNDA:0,(anonymous_3)
FNDA:0,(anonymous_4)
FNDA:0,(anonymous_5)
DA:10,1
DA:11,0
DA:12,0
DA:13,0
DA:14,0
DA:16,0
DA:17,0
DA:18,0
DA:19,0
DA:23,0
DA:24,0
DA:25,0
DA:30,0
DA:44,0
DA:54,0
DA:55,0
DA:57,0
DA:58,0
DA:61,0
DA:73,0
DA:78,1
DA:79,0
DA:97,1
LF:23
LH:3
BRDA:54,0,0,0
BRDA:54,0,1,0
BRDA:57,1,0,0
BRDA:57,1,1,0
BRDA:69,2,0,0
BRDA:69,2,1,0
BRDA:73,3,0,0
BRDA:73,3,1,0
BRDA:82,4,0,0
BRDA:82,4,1,0
BRF:10
BRH:0
end_of_record
TN:
SF:src/screens/SendScreen.js
FN:15,(anonymous_0)
FN:17,(anonymous_1)
FN:26,(anonymous_2)
FN:28,(anonymous_3)
FN:32,(anonymous_4)
FN:43,(anonymous_5)
FN:82,(anonymous_6)
FN:96,(anonymous_7)
FN:104,(anonymous_8)
FN:130,(anonymous_9)
FN:168,(anonymous_10)
FN:185,(anonymous_11)
FN:193,(anonymous_12)
FN:207,(anonymous_13)
FN:217,(anonymous_14)
FN:224,(anonymous_15)
FNF:16
FNH:9
FNDA:0,(anonymous_0)
FNDA:2,(anonymous_1)
FNDA:3,(anonymous_2)
FNDA:1,(anonymous_3)
FNDA:0,(anonymous_4)
FNDA:0,(anonymous_5)
FNDA:4,(anonymous_6)
FNDA:0,(anonymous_7)
FNDA:0,(anonymous_8)
FNDA:2,(anonymous_9)
FNDA:1,(anonymous_10)
FNDA:0,(anonymous_11)
FNDA:0,(anonymous_12)
FNDA:1,(anonymous_13)
FNDA:1,(anonymous_14)
FNDA:1,(anonymous_15)
DA:15,2
DA:17,2
DA:18,2
DA:19,2
DA:20,2
DA:21,2
DA:22,2
DA:23,2
DA:24,2
DA:26,3
DA:28,2
DA:29,1
DA:32,2
DA:34,0
DA:44,0
DA:45,0
DA:47,0
DA:67,2
DA:81,2
DA:82,2
DA:83,4
DA:84,4
DA:92,2
DA:93,2
DA:94,2
DA:96,2
DA:97,0
DA:98,0
DA:99,0
DA:100,0
DA:101,0
DA:104,2
DA:105,0
DA:106,0
DA:107,0
DA:108,0
DA:109,0
DA:112,2
DA:131,2
DA:168,1
DA:185,0
DA:193,0
DA:207,2
DA:208,1
DA:209,1
DA:218,1
DA:224,1
DA:232,2
DA:263,2
LF:49
LH:33
BRDA:94,0,0,0
BRDA:94,0,1,2
BRDA:98,1,0,0
BRDA:98,1,1,0
BRDA:106,2,0,0
BRDA:106,2,1,0
BRDA:173,3,0,2
BRDA:173,3,1,1
BRDA:190,4,0,2
BRDA:190,4,1,0
BRDA:212,5,0,0
BRDA:212,5,1,1
BRDA:222,6,0,0
BRDA:222,6,1,1
BRF:14
BRH:6
end_of_record
TN:
SF:src/screens/SettingsScreen.js
FN:7,(anonymous_0)
FN:20,(anonymous_1)
FN:29,(anonymous_2)
FN:31,(anonymous_3)
FNF:4
FNH:4
FNDA:1,(anonymous_0)
FNDA:1,(anonymous_1)
FNDA:1,(anonymous_2)
FNDA:1,(anonymous_3)
DA:7,2
DA:9,1
DA:20,2
DA:21,1
DA:30,1
DA:32,1
LF:6
LH:6
BRDA:24,0,0,0
BRDA:24,0,1,1
BRF:2
BRH:1
end_of_record
TN:
SF:src/screens/Splashscreen.js
FN:17,(anonymous_0)
FN:23,(anonymous_1)
FN:30,(anonymous_2)
FNF:3
FNH:3
FNDA:8,(anonymous_0)
FNDA:1,(anonymous_1)
FNDA:7,(anonymous_2)
DA:22,8
DA:23,1
DA:31,7
DA:45,3
LF:4
LH:4
BRF:0
BRH:0
end_of_record
TN:
SF:src/screens/SupplierContactScreen.js
FN:16,(anonymous_0)
FN:18,(anonymous_1)
FN:37,(anonymous_2)
FN:38,(anonymous_3)
FN:63,(anonymous_4)
FN:72,(anonymous_5)
FN:74,(anonymous_6)
FNF:7
FNH:7
FNDA:1,(anonymous_0)
FNDA:1,(anonymous_1)
FNDA:4,(anonymous_2)
FNDA:4,(anonymous_3)
FNDA:1,(anonymous_4)
FNDA:1,(anonymous_5)
FNDA:1,(anonymous_6)
DA:16,2
DA:18,1
DA:20,1
DA:21,1
DA:22,1
DA:25,0
DA:27,1
DA:31,1
DA:37,4
DA:39,4
DA:63,2
DA:64,1
DA:73,1
DA:75,1
DA:81,2
LF:15
LH:14
BRDA:21,0,0,1
BRDA:21,0,1,0
BRDA:67,1,0,1
BRDA:67,1,1,0
BRF:4
BRH:2
end_of_record
TN:
SF:src/store/actions/auth.js
FN:10,(anonymous_0)
FN:11,(anonymous_1)
FN:16,(anonymous_2)
FN:18,(anonymous_3)
FN:60,(anonymous_4)
FN:61,(anonymous_5)
FN:101,(anonymous_6)
FNF:7
FNH:3
FNDA:0,(anonymous_0)
FNDA:0,(anonymous_1)
FNDA:1,(anonymous_2)
FNDA:0,(anonymous_3)
FNDA:1,(anonymous_4)
FNDA:0,(anonymous_5)
FNDA:2,(anonymous_6)
DA:2,2
DA:3,2
DA:4,2
DA:10,2
DA:11,0
DA:12,0
DA:16,2
DA:18,1
DA:19,0
DA:25,0
DA:26,0
DA:27,0
DA:35,0
DA:36,0
DA:37,0
DA:39,0
DA:42,0
DA:43,0
DA:46,0
DA:52,0
DA:60,2
DA:61,1
DA:62,0
DA:68,0
DA:70,0
DA:71,0
DA:79,0
DA:81,0
DA:82,0
DA:83,0
DA:85,0
DA:93,0
DA:101,2
DA:102,2
LF:34
LH:10
BRDA:36,0,0,0
BRDA:36,0,1,0
BRDA:42,1,0,0
BRDA:42,1,1,0
BRDA:81,2,0,0
BRDA:81,2,1,0
BRF:6
BRH:0
end_of_record
TN:
SF:src/store/actions/cart.js
FN:4,(anonymous_0)
FN:8,(anonymous_1)
FNF:2
FNH:2
FNDA:2,(anonymous_0)
FNDA:1,(anonymous_1)
DA:1,4
DA:2,4
DA:4,4
DA:5,2
DA:8,4
DA:9,1
LF:6
LH:6
BRF:0
BRH:0
end_of_record
TN:
SF:src/store/actions/ip.js
FN:5,(anonymous_0)
FN:13,(anonymous_1)
FNF:2
FNH:2
FNDA:1,(anonymous_0)
FNDA:1,(anonymous_1)
DA:1,2
DA:2,2
DA:5,2
DA:6,1
DA:13,2
DA:14,1
LF:6
LH:6
BRF:0
BRH:0
end_of_record
TN:
SF:src/store/actions/items.js
FN:8,(anonymous_0)
FN:76,(anonymous_1)
FN:136,(anonymous_2)
FN:184,(anonymous_3)
FNF:4
FNH:0
FNDA:0,(anonymous_0)
FNDA:0,(anonymous_1)
FNDA:0,(anonymous_2)
FNDA:0,(anonymous_3)
DA:1,1
DA:2,1
DA:3,1
DA:4,1
DA:8,1
DA:9,0
DA:61,0
DA:76,1
DA:120,0
DA:136,1
DA:137,0
DA:175,0
DA:184,1
DA:201,0
LF:14
LH:8
BRF:0
BRH:0
end_of_record
TN:
SF:src/store/actions/orders.js
FN:42,(anonymous_0)
FNF:1
FNH:1
FNDA:1,(anonymous_0)
DA:3,2
DA:4,2
DA:42,2
DA:78,1
DA:79,1
LF:5
LH:5
BRF:0
BRH:0
end_of_record
TN:
SF:src/store/reducers/auth.js
FNF:0
FNH:0
LF:0
LH:0
BRF:0
BRH:0
end_of_record
TN:
SF:src/store/reducers/cart.js
FN:10,(anonymous_0)
FNF:1
FNH:1
FNDA:3,(anonymous_0)
DA:6,1
DA:11,3
DA:13,0
DA:14,0
DA:15,0
DA:19,0
DA:21,0
DA:27,0
DA:29,0
DA:36,0
DA:37,0
DA:39,0
DA:41,0
DA:47,0
DA:49,0
DA:50,0
DA:52,0
DA:60,0
DA:61,0
DA:63,0
DA:64,0
DA:65,0
DA:66,0
DA:72,3
LF:24
LH:3
BRDA:10,0,0,3
BRDA:11,1,0,0
BRDA:11,1,1,0
BRDA:11,1,2,0
BRDA:19,2,0,0
BRDA:19,2,1,0
BRDA:39,3,0,0
BRDA:39,3,1,0
BRDA:60,4,0,0
BRDA:60,4,1,0
BRF:10
BRH:1
end_of_record
TN:
SF:src/store/reducers/ip.js
FN:9,(anonymous_0)
FNF:1
FNH:1
FNDA:3,(anonymous_0)
DA:2,1
DA:9,1
DA:10,3
DA:12,0
DA:17,0
DA:23,3
DA:26,0
LF:7
LH:4
BRDA:9,0,0,3
BRDA:10,1,0,0
BRDA:10,1,1,0
BRDA:10,1,2,3
BRF:4
BRH:2
end_of_record
TN:
SF:src/store/reducers/items.js
FN:9,(anonymous_0)
FN:17,(anonymous_1)
FN:23,(anonymous_2)
FN:43,(anonymous_3)
FN:55,(anonymous_4)
FN:58,(anonymous_5)
FN:93,(anonymous_6)
FN:96,(anonymous_7)
FNF:8
FNH:2
FNDA:9,(anonymous_0)
FNDA:3,(anonymous_1)
FNDA:0,(anonymous_2)
FNDA:0,(anonymous_3)
FNDA:0,(anonymous_4)
FNDA:0,(anonymous_5)
FNDA:0,(anonymous_6)
FNDA:0,(anonymous_7)
DA:5,1
DA:10,9
DA:11,5
DA:13,4
DA:17,1
DA:18,3
DA:20,0
DA:24,0
DA:25,0
DA:27,0
DA:31,0
DA:41,0
DA:42,0
DA:43,0
DA:45,0
DA:46,0
DA:48,0
DA:54,0
DA:55,0
DA:57,0
DA:58,0
DA:60,0
DA:71,0
DA:72,0
DA:74,0
DA:75,0
DA:76,0
DA:78,0
DA:79,0
DA:81,0
DA:82,0
DA:84,0
DA:90,0
DA:93,0
DA:96,0
DA:100,3
DA:103,0
LF:37
LH:7
BRDA:10,0,0,5
BRDA:10,0,1,4
BRDA:17,1,0,3
BRDA:18,2,0,0
BRDA:18,2,1,0
BRDA:18,2,2,0
BRDA:18,2,3,0
BRDA:18,2,4,3
BRDA:24,3,0,0
BRDA:24,3,1,0
BRDA:45,4,0,0
BRDA:45,4,1,0
BRDA:45,5,0,0
BRDA:45,5,1,0
BRDA:75,6,0,0
BRDA:75,6,1,0
BRDA:75,7,0,0
BRDA:75,7,1,0
BRDA:78,8,0,0
BRDA:78,8,1,0
BRDA:81,9,0,0
BRDA:81,9,1,0
BRDA:81,10,0,0
BRDA:81,10,1,0
BRDA:81,10,2,0
BRF:25
BRH:4
end_of_record
TN:
SF:src/store/reducers/orders.js
FN:113,(anonymous_0)
FNF:1
FNH:1
FNDA:3,(anonymous_0)
DA:5,1
DA:114,3
DA:116,0
DA:120,0
DA:125,0
DA:131,3
LF:6
LH:3
BRDA:113,0,0,3
BRDA:114,1,0,0
BRDA:114,1,1,0
BRF:3
BRH:1
end_of_record
TN:
SF:src/utility/navigationOptions.js
FN:4,(anonymous_0)
FNF:1
FNH:1
FNDA:4,(anonymous_0)
DA:4,6
DA:5,4
LF:2
LH:2
BRDA:9,0,0,2
BRDA:9,0,1,2
BRF:2
BRH:2
end_of_record
TN:
SF:src/utility/validation.js
FN:1,(anonymous_0)
FN:25,(anonymous_1)
FN:31,(anonymous_2)
FN:35,(anonymous_3)
FN:39,(anonymous_4)
FNF:5
FNH:3
FNDA:3,(anonymous_0)
FNDA:0,(anonymous_1)
FNDA:1,(anonymous_2)
FNDA:2,(anonymous_3)
FNDA:0,(anonymous_4)
DA:1,2
DA:2,3
DA:3,3
DA:4,3
DA:6,0
DA:7,0
DA:9,1
DA:10,1
DA:12,2
DA:13,2
DA:15,0
DA:16,0
DA:18,0
DA:22,3
DA:25,2
DA:26,0
DA:31,2
DA:32,1
DA:35,2
DA:36,2
DA:39,2
DA:40,0
LF:22
LH:15
BRDA:4,0,0,0
BRDA:4,0,1,1
BRDA:4,0,2,2
BRDA:4,0,3,0
BRDA:4,0,4,0
BRDA:6,1,0,0
BRDA:6,1,1,0
BRDA:9,2,0,1
BRDA:9,2,1,1
BRDA:12,3,0,2
BRDA:12,3,1,2
BRDA:15,4,0,0
BRDA:15,4,1,0
BRF:13
BRH:6
end_of_record
